23:31:54 | aggregator | INFO | monitoring 10 floors
23:31:54 | aggregator | INFO | [CONNECTION MADE]
23:31:54 | aggregator | INFO | hivemq connected rc=0
23:31:54 | aggregator | INFO | [SEND SUB] 1 [b'campus/+/+/+/telemetry']
23:31:55 | aggregator | INFO | [SUBACK] 1 (1,)
23:32:25 | aggregator | INFO | HTTP Request: POST http://localhost:9090/api/auth/login "HTTP/1.1 200 "
23:32:25 | aggregator | INFO | HTTP Request: POST http://localhost:9090/api/plugins/telemetry/ASSET/82f46a40-37f4-11f1-b070-631fdef85036/timeseries/ANY "HTTP/1.1 200 "
23:32:25 | aggregator | INFO | HTTP Request: POST http://localhost:9090/api/plugins/telemetry/ASSET/82fca7a0-37f4-11f1-b070-631fdef85036/timeseries/ANY "HTTP/1.1 200 "
23:32:25 | aggregator | INFO | HTTP Request: POST http://localhost:9090/api/plugins/telemetry/ASSET/83050c10-37f4-11f1-b070-631fdef85036/timeseries/ANY "HTTP/1.1 200 "
23:32:25 | aggregator | INFO | HTTP Request: POST http://localhost:9090/api/plugins/telemetry/ASSET/830d7080-37f4-11f1-b070-631fdef85036/timeseries/ANY "HTTP/1.1 200 "
23:32:25 | aggregator | INFO | HTTP Request: POST http://localhost:9090/api/plugins/telemetry/ASSET/831586d0-37f4-11f1-b070-631fdef85036/timeseries/ANY "HTTP/1.1 200 "
23:32:25 | aggregator | INFO | HTTP Request: POST http://localhost:9090/api/plugins/telemetry/ASSET/831c3d90-37f4-11f1-b070-631fdef85036/timeseries/ANY "HTTP/1.1 200 "
23:32:25 | aggregator | INFO | HTTP Request: POST http://localhost:9090/api/plugins/telemetry/ASSET/8322f450-37f4-11f1-b070-631fdef85036/timeseries/ANY "HTTP/1.1 200 "
23:32:26 | aggregator | INFO | HTTP Request: POST http://localhost:9090/api/plugins/telemetry/ASSET/832a4750-37f4-11f1-b070-631fdef85036/timeseries/ANY "HTTP/1.1 200 "
23:32:26 | aggregator | INFO | HTTP Request: POST http://localhost:9090/api/plugins/telemetry/ASSET/8330d700-37f4-11f1-b070-631fdef85036/timeseries/ANY "HTTP/1.1 200 "
23:32:26 | aggregator | INFO | HTTP Request: POST http://localhost:9090/api/plugins/telemetry/ASSET/833766b0-37f4-11f1-b070-631fdef85036/timeseries/ANY "HTTP/1.1 200 "
23:32:26 | aggregator | INFO | cycle 1: posted 10/10 floor summaries
23:32:56 | aggregator | INFO | HTTP Request: POST http://localhost:9090/api/plugins/telemetry/ASSET/82f46a40-37f4-11f1-b070-631fdef85036/timeseries/ANY "HTTP/1.1 200 "
23:32:56 | aggregator | INFO | HTTP Request: POST http://localhost:9090/api/plugins/telemetry/ASSET/82fca7a0-37f4-11f1-b070-631fdef85036/timeseries/ANY "HTTP/1.1 200 "
23:32:56 | aggregator | INFO | HTTP Request: POST http://localhost:9090/api/plugins/telemetry/ASSET/83050c10-37f4-11f1-b070-631fdef85036/timeseries/ANY "HTTP/1.1 200 "
23:32:56 | aggregator | INFO | HTTP Request: POST http://localhost:9090/api/plugins/telemetry/ASSET/830d7080-37f4-11f1-b070-631fdef85036/timeseries/ANY "HTTP/1.1 200 "
23:32:56 | aggregator | INFO | HTTP Request: POST http://localhost:9090/api/plugins/telemetry/ASSET/831586d0-37f4-11f1-b070-631fdef85036/timeseries/ANY "HTTP/1.1 200 "
23:32:56 | aggregator | INFO | HTTP Request: POST http://localhost:9090/api/plugins/telemetry/ASSET/831c3d90-37f4-11f1-b070-631fdef85036/timeseries/ANY "HTTP/1.1 200 "
23:32:57 | aggregator | INFO | HTTP Request: POST http://localhost:9090/api/plugins/telemetry/ASSET/8322f450-37f4-11f1-b070-631fdef85036/timeseries/ANY "HTTP/1.1 200 "
23:32:57 | aggregator | INFO | HTTP Request: POST http://localhost:9090/api/plugins/telemetry/ASSET/832a4750-37f4-11f1-b070-631fdef85036/timeseries/ANY "HTTP/1.1 200 "
23:32:57 | aggregator | INFO | HTTP Request: POST http://localhost:9090/api/plugins/telemetry/ASSET/8330d700-37f4-11f1-b070-631fdef85036/timeseries/ANY "HTTP/1.1 200 "
23:32:57 | aggregator | INFO | HTTP Request: POST http://localhost:9090/api/plugins/telemetry/ASSET/833766b0-37f4-11f1-b070-631fdef85036/timeseries/ANY "HTTP/1.1 200 "
23:32:57 | aggregator | INFO | cycle 2: posted 10/10 floor summaries
23:33:27 | aggregator | INFO | HTTP Request: POST http://localhost:9090/api/plugins/telemetry/ASSET/82f46a40-37f4-11f1-b070-631fdef85036/timeseries/ANY "HTTP/1.1 200 "
23:33:27 | aggregator | INFO | HTTP Request: POST http://localhost:9090/api/plugins/telemetry/ASSET/82fca7a0-37f4-11f1-b070-631fdef85036/timeseries/ANY "HTTP/1.1 200 "
23:33:27 | aggregator | INFO | HTTP Request: POST http://localhost:9090/api/plugins/telemetry/ASSET/83050c10-37f4-11f1-b070-631fdef85036/timeseries/ANY "HTTP/1.1 200 "
23:33:27 | aggregator | INFO | HTTP Request: POST http://localhost:9090/api/plugins/telemetry/ASSET/830d7080-37f4-11f1-b070-631fdef85036/timeseries/ANY "HTTP/1.1 200 "
23:33:27 | aggregator | INFO | HTTP Request: POST http://localhost:9090/api/plugins/telemetry/ASSET/831586d0-37f4-11f1-b070-631fdef85036/timeseries/ANY "HTTP/1.1 200 "
23:33:27 | aggregator | INFO | HTTP Request: POST http://localhost:9090/api/plugins/telemetry/ASSET/831c3d90-37f4-11f1-b070-631fdef85036/timeseries/ANY "HTTP/1.1 200 "
23:33:27 | aggregator | INFO | HTTP Request: POST http://localhost:9090/api/plugins/telemetry/ASSET/8322f450-37f4-11f1-b070-631fdef85036/timeseries/ANY "HTTP/1.1 200 "
23:33:28 | aggregator | INFO | HTTP Request: POST http://localhost:9090/api/plugins/telemetry/ASSET/832a4750-37f4-11f1-b070-631fdef85036/timeseries/ANY "HTTP/1.1 200 "
23:33:28 | aggregator | INFO | HTTP Request: POST http://localhost:9090/api/plugins/telemetry/ASSET/8330d700-37f4-11f1-b070-631fdef85036/timeseries/ANY "HTTP/1.1 200 "
23:33:28 | aggregator | INFO | HTTP Request: POST http://localhost:9090/api/plugins/telemetry/ASSET/833766b0-37f4-11f1-b070-631fdef85036/timeseries/ANY "HTTP/1.1 200 "
23:33:28 | aggregator | INFO | cycle 3: posted 10/10 floor summaries
23:33:58 | aggregator | INFO | HTTP Request: POST http://localhost:9090/api/plugins/telemetry/ASSET/82f46a40-37f4-11f1-b070-631fdef85036/timeseries/ANY "HTTP/1.1 200 "
23:33:58 | aggregator | INFO | HTTP Request: POST http://localhost:9090/api/plugins/telemetry/ASSET/82fca7a0-37f4-11f1-b070-631fdef85036/timeseries/ANY "HTTP/1.1 200 "
23:33:58 | aggregator | INFO | HTTP Request: POST http://localhost:9090/api/plugins/telemetry/ASSET/83050c10-37f4-11f1-b070-631fdef85036/timeseries/ANY "HTTP/1.1 200 "
23:33:58 | aggregator | INFO | HTTP Request: POST http://localhost:9090/api/plugins/telemetry/ASSET/830d7080-37f4-11f1-b070-631fdef85036/timeseries/ANY "HTTP/1.1 200 "
23:33:58 | aggregator | INFO | HTTP Request: POST http://localhost:9090/api/plugins/telemetry/ASSET/831586d0-37f4-11f1-b070-631fdef85036/timeseries/ANY "HTTP/1.1 200 "
23:33:58 | aggregator | INFO | HTTP Request: POST http://localhost:9090/api/plugins/telemetry/ASSET/831c3d90-37f4-11f1-b070-631fdef85036/timeseries/ANY "HTTP/1.1 200 "
23:33:58 | aggregator | INFO | HTTP Request: POST http://localhost:9090/api/plugins/telemetry/ASSET/8322f450-37f4-11f1-b070-631fdef85036/timeseries/ANY "HTTP/1.1 200 "
23:33:59 | aggregator | INFO | HTTP Request: POST http://localhost:9090/api/plugins/telemetry/ASSET/832a4750-37f4-11f1-b070-631fdef85036/timeseries/ANY "HTTP/1.1 200 "
23:33:59 | aggregator | INFO | HTTP Request: POST http://localhost:9090/api/plugins/telemetry/ASSET/8330d700-37f4-11f1-b070-631fdef85036/timeseries/ANY "HTTP/1.1 200 "
23:33:59 | aggregator | INFO | HTTP Request: POST http://localhost:9090/api/plugins/telemetry/ASSET/833766b0-37f4-11f1-b070-631fdef85036/timeseries/ANY "HTTP/1.1 200 "
23:33:59 | aggregator | INFO | cycle 4: posted 10/10 floor summaries
23:34:29 | aggregator | INFO | HTTP Request: POST http://localhost:9090/api/plugins/telemetry/ASSET/82f46a40-37f4-11f1-b070-631fdef85036/timeseries/ANY "HTTP/1.1 200 "
23:34:29 | aggregator | INFO | HTTP Request: POST http://localhost:9090/api/plugins/telemetry/ASSET/82fca7a0-37f4-11f1-b070-631fdef85036/timeseries/ANY "HTTP/1.1 200 "
23:34:29 | aggregator | INFO | HTTP Request: POST http://localhost:9090/api/plugins/telemetry/ASSET/83050c10-37f4-11f1-b070-631fdef85036/timeseries/ANY "HTTP/1.1 200 "
23:34:29 | aggregator | INFO | HTTP Request: POST http://localhost:9090/api/plugins/telemetry/ASSET/830d7080-37f4-11f1-b070-631fdef85036/timeseries/ANY "HTTP/1.1 200 "
23:34:29 | aggregator | INFO | HTTP Request: POST http://localhost:9090/api/plugins/telemetry/ASSET/831586d0-37f4-11f1-b070-631fdef85036/timeseries/ANY "HTTP/1.1 200 "
23:34:29 | aggregator | INFO | HTTP Request: POST http://localhost:9090/api/plugins/telemetry/ASSET/831c3d90-37f4-11f1-b070-631fdef85036/timeseries/ANY "HTTP/1.1 200 "
23:34:29 | aggregator | INFO | HTTP Request: POST http://localhost:9090/api/plugins/telemetry/ASSET/8322f450-37f4-11f1-b070-631fdef85036/timeseries/ANY "HTTP/1.1 200 "
23:34:30 | aggregator | INFO | HTTP Request: POST http://localhost:9090/api/plugins/telemetry/ASSET/832a4750-37f4-11f1-b070-631fdef85036/timeseries/ANY "HTTP/1.1 200 "
23:34:30 | aggregator | INFO | HTTP Request: POST http://localhost:9090/api/plugins/telemetry/ASSET/8330d700-37f4-11f1-b070-631fdef85036/timeseries/ANY "HTTP/1.1 200 "
23:34:30 | aggregator | INFO | HTTP Request: POST http://localhost:9090/api/plugins/telemetry/ASSET/833766b0-37f4-11f1-b070-631fdef85036/timeseries/ANY "HTTP/1.1 200 "
23:34:30 | aggregator | INFO | cycle 5: posted 10/10 floor summaries
23:35:00 | aggregator | INFO | HTTP Request: POST http://localhost:9090/api/plugins/telemetry/ASSET/82f46a40-37f4-11f1-b070-631fdef85036/timeseries/ANY "HTTP/1.1 200 "
23:35:00 | aggregator | INFO | HTTP Request: POST http://localhost:9090/api/plugins/telemetry/ASSET/82fca7a0-37f4-11f1-b070-631fdef85036/timeseries/ANY "HTTP/1.1 200 "
23:35:00 | aggregator | INFO | HTTP Request: POST http://localhost:9090/api/plugins/telemetry/ASSET/83050c10-37f4-11f1-b070-631fdef85036/timeseries/ANY "HTTP/1.1 200 "
23:35:00 | aggregator | INFO | HTTP Request: POST http://localhost:9090/api/plugins/telemetry/ASSET/830d7080-37f4-11f1-b070-631fdef85036/timeseries/ANY "HTTP/1.1 200 "
23:35:00 | aggregator | INFO | HTTP Request: POST http://localhost:9090/api/plugins/telemetry/ASSET/831586d0-37f4-11f1-b070-631fdef85036/timeseries/ANY "HTTP/1.1 200 "
23:35:00 | aggregator | INFO | HTTP Request: POST http://localhost:9090/api/plugins/telemetry/ASSET/831c3d90-37f4-11f1-b070-631fdef85036/timeseries/ANY "HTTP/1.1 200 "
23:35:00 | aggregator | INFO | HTTP Request: POST http://localhost:9090/api/plugins/telemetry/ASSET/8322f450-37f4-11f1-b070-631fdef85036/timeseries/ANY "HTTP/1.1 200 "
23:35:01 | aggregator | INFO | HTTP Request: POST http://localhost:9090/api/plugins/telemetry/ASSET/832a4750-37f4-11f1-b070-631fdef85036/timeseries/ANY "HTTP/1.1 200 "
23:35:01 | aggregator | INFO | HTTP Request: POST http://localhost:9090/api/plugins/telemetry/ASSET/8330d700-37f4-11f1-b070-631fdef85036/timeseries/ANY "HTTP/1.1 200 "
23:35:01 | aggregator | INFO | HTTP Request: POST http://localhost:9090/api/plugins/telemetry/ASSET/833766b0-37f4-11f1-b070-631fdef85036/timeseries/ANY "HTTP/1.1 200 "
23:35:01 | aggregator | INFO | cycle 6: posted 10/10 floor summaries
23:35:31 | aggregator | INFO | HTTP Request: POST http://localhost:9090/api/plugins/telemetry/ASSET/82f46a40-37f4-11f1-b070-631fdef85036/timeseries/ANY "HTTP/1.1 200 "
23:35:31 | aggregator | INFO | HTTP Request: POST http://localhost:9090/api/plugins/telemetry/ASSET/82fca7a0-37f4-11f1-b070-631fdef85036/timeseries/ANY "HTTP/1.1 200 "
23:35:31 | aggregator | INFO | HTTP Request: POST http://localhost:9090/api/plugins/telemetry/ASSET/83050c10-37f4-11f1-b070-631fdef85036/timeseries/ANY "HTTP/1.1 200 "
23:35:31 | aggregator | INFO | HTTP Request: POST http://localhost:9090/api/plugins/telemetry/ASSET/830d7080-37f4-11f1-b070-631fdef85036/timeseries/ANY "HTTP/1.1 200 "
23:35:31 | aggregator | INFO | HTTP Request: POST http://localhost:9090/api/plugins/telemetry/ASSET/831586d0-37f4-11f1-b070-631fdef85036/timeseries/ANY "HTTP/1.1 200 "
23:35:31 | aggregator | INFO | HTTP Request: POST http://localhost:9090/api/plugins/telemetry/ASSET/831c3d90-37f4-11f1-b070-631fdef85036/timeseries/ANY "HTTP/1.1 200 "
23:35:32 | aggregator | INFO | HTTP Request: POST http://localhost:9090/api/plugins/telemetry/ASSET/8322f450-37f4-11f1-b070-631fdef85036/timeseries/ANY "HTTP/1.1 200 "
23:35:32 | aggregator | INFO | HTTP Request: POST http://localhost:9090/api/plugins/telemetry/ASSET/832a4750-37f4-11f1-b070-631fdef85036/timeseries/ANY "HTTP/1.1 200 "
23:35:32 | aggregator | INFO | HTTP Request: POST http://localhost:9090/api/plugins/telemetry/ASSET/8330d700-37f4-11f1-b070-631fdef85036/timeseries/ANY "HTTP/1.1 200 "
23:35:32 | aggregator | INFO | HTTP Request: POST http://localhost:9090/api/plugins/telemetry/ASSET/833766b0-37f4-11f1-b070-631fdef85036/timeseries/ANY "HTTP/1.1 200 "
23:35:32 | aggregator | INFO | cycle 7: posted 10/10 floor summaries
23:36:02 | aggregator | INFO | HTTP Request: POST http://localhost:9090/api/plugins/telemetry/ASSET/82f46a40-37f4-11f1-b070-631fdef85036/timeseries/ANY "HTTP/1.1 200 "
23:36:02 | aggregator | INFO | HTTP Request: POST http://localhost:9090/api/plugins/telemetry/ASSET/82fca7a0-37f4-11f1-b070-631fdef85036/timeseries/ANY "HTTP/1.1 200 "
23:36:02 | aggregator | INFO | HTTP Request: POST http://localhost:9090/api/plugins/telemetry/ASSET/83050c10-37f4-11f1-b070-631fdef85036/timeseries/ANY "HTTP/1.1 200 "
23:36:02 | aggregator | INFO | HTTP Request: POST http://localhost:9090/api/plugins/telemetry/ASSET/830d7080-37f4-11f1-b070-631fdef85036/timeseries/ANY "HTTP/1.1 200 "
23:36:02 | aggregator | INFO | HTTP Request: POST http://localhost:9090/api/plugins/telemetry/ASSET/831586d0-37f4-11f1-b070-631fdef85036/timeseries/ANY "HTTP/1.1 200 "
23:36:02 | aggregator | INFO | HTTP Request: POST http://localhost:9090/api/plugins/telemetry/ASSET/831c3d90-37f4-11f1-b070-631fdef85036/timeseries/ANY "HTTP/1.1 200 "
23:36:03 | aggregator | INFO | HTTP Request: POST http://localhost:9090/api/plugins/telemetry/ASSET/8322f450-37f4-11f1-b070-631fdef85036/timeseries/ANY "HTTP/1.1 200 "
23:36:03 | aggregator | INFO | HTTP Request: POST http://localhost:9090/api/plugins/telemetry/ASSET/832a4750-37f4-11f1-b070-631fdef85036/timeseries/ANY "HTTP/1.1 200 "
23:36:03 | aggregator | INFO | HTTP Request: POST http://localhost:9090/api/plugins/telemetry/ASSET/8330d700-37f4-11f1-b070-631fdef85036/timeseries/ANY "HTTP/1.1 200 "
23:36:03 | aggregator | INFO | HTTP Request: POST http://localhost:9090/api/plugins/telemetry/ASSET/833766b0-37f4-11f1-b070-631fdef85036/timeseries/ANY "HTTP/1.1 200 "
23:36:03 | aggregator | INFO | cycle 8: posted 10/10 floor summaries
