15:30:27 | bridge | INFO | loaded 200 devices with access tokens from registry
15:30:27 | bridge | INFO | [CONNECTION MADE]
15:30:27 | bridge | INFO | hivemq connected rc=0, subscribing to campus/#
15:30:27 | bridge | INFO | [SEND SUB] 1 [b'campus/#']
15:30:27 | bridge | INFO | [SUBACK] 1 (1,)
15:30:27 | bridge | INFO | [CONNECTION MADE]
15:30:27 | bridge | INFO | [SEND SUB] 2 [b'v1/devices/me/attributes']
15:30:27 | bridge | INFO | [SUBACK] 2 (1,)
15:30:27 | bridge | INFO | [CONNECTION MADE]
15:30:27 | bridge | INFO | [SEND SUB] 4 [b'v1/devices/me/attributes']
15:30:27 | bridge | INFO | [SUBACK] 4 (1,)
15:30:27 | bridge | INFO | [CONNECTION MADE]
15:30:27 | bridge | INFO | [SEND SUB] 6 [b'v1/devices/me/attributes']
15:30:27 | bridge | INFO | [SUBACK] 6 (1,)
15:30:27 | bridge | INFO | [CONNECTION MADE]
15:30:27 | bridge | INFO | [SEND SUB] 8 [b'v1/devices/me/attributes']
15:30:27 | bridge | INFO | [SUBACK] 8 (1,)
15:30:27 | bridge | INFO | [CONNECTION MADE]
15:30:27 | bridge | INFO | [SEND SUB] 10 [b'v1/devices/me/attributes']
15:30:27 | bridge | INFO | [SUBACK] 10 (1,)
15:30:27 | bridge | INFO | [CONNECTION MADE]
15:30:27 | bridge | INFO | [SEND SUB] 12 [b'v1/devices/me/attributes']
15:30:27 | bridge | INFO | [SUBACK] 12 (1,)
15:30:27 | bridge | INFO | [CONNECTION MADE]
15:30:27 | bridge | INFO | [SEND SUB] 14 [b'v1/devices/me/attributes']
15:30:27 | bridge | INFO | [SUBACK] 14 (1,)
15:30:27 | bridge | INFO | [CONNECTION MADE]
15:30:27 | bridge | INFO | [SEND SUB] 16 [b'v1/devices/me/attributes']
15:30:27 | bridge | INFO | [SUBACK] 16 (1,)
15:30:27 | bridge | INFO | [CONNECTION MADE]
15:30:27 | bridge | INFO | [SEND SUB] 18 [b'v1/devices/me/attributes']
15:30:27 | bridge | INFO | [SUBACK] 18 (1,)
15:30:27 | bridge | INFO | [CONNECTION MADE]
15:30:27 | bridge | INFO | [SEND SUB] 22 [b'v1/devices/me/attributes']
15:30:27 | bridge | INFO | [SUBACK] 22 (1,)
15:30:27 | bridge | INFO | [CONNECTION MADE]
15:30:27 | bridge | INFO | [SEND SUB] 24 [b'v1/devices/me/attributes']
15:30:27 | bridge | INFO | [SUBACK] 24 (1,)
15:30:27 | bridge | INFO | [CONNECTION MADE]
15:30:27 | bridge | INFO | [SEND SUB] 26 [b'v1/devices/me/attributes']
15:30:27 | bridge | INFO | [SUBACK] 26 (1,)
15:30:27 | bridge | INFO | [CONNECTION MADE]
15:30:27 | bridge | INFO | [SEND SUB] 28 [b'v1/devices/me/attributes']
15:30:27 | bridge | INFO | [CONNECTION MADE]
15:30:27 | bridge | INFO | [SUBACK] 28 (1,)
15:30:27 | bridge | INFO | [SEND SUB] 30 [b'v1/devices/me/attributes']
15:30:27 | bridge | INFO | [SUBACK] 30 (1,)
15:30:27 | bridge | INFO | [CONNECTION MADE]
15:30:27 | bridge | INFO | [SEND SUB] 32 [b'v1/devices/me/attributes']
15:30:27 | bridge | INFO | [SUBACK] 32 (1,)
15:30:27 | bridge | INFO | [CONNECTION MADE]
15:30:27 | bridge | INFO | [SEND SUB] 34 [b'v1/devices/me/attributes']
15:30:27 | bridge | INFO | [SUBACK] 34 (1,)
15:30:27 | bridge | INFO | [CONNECTION MADE]
15:30:27 | bridge | INFO | [SEND SUB] 36 [b'v1/devices/me/attributes']
15:30:27 | bridge | INFO | [CONNECTION MADE]
15:30:27 | bridge | INFO | [SUBACK] 36 (1,)
15:30:27 | bridge | INFO | [SEND SUB] 38 [b'v1/devices/me/attributes']
15:30:27 | bridge | INFO | [SUBACK] 38 (1,)
15:30:27 | bridge | INFO | [CONNECTION MADE]
15:30:27 | bridge | INFO | [SEND SUB] 40 [b'v1/devices/me/attributes']
15:30:27 | bridge | INFO | [SUBACK] 40 (1,)
15:30:27 | bridge | INFO | [CONNECTION MADE]
15:30:27 | bridge | INFO | [SEND SUB] 42 [b'v1/devices/me/attributes']
15:30:27 | bridge | INFO | [SUBACK] 42 (1,)
15:30:27 | bridge | INFO | [CONNECTION MADE]
15:30:27 | bridge | INFO | [SEND SUB] 44 [b'v1/devices/me/attributes']
15:30:27 | bridge | INFO | [SUBACK] 44 (1,)
15:30:27 | bridge | INFO | [CONNECTION MADE]
15:30:27 | bridge | INFO | [SEND SUB] 46 [b'v1/devices/me/attributes']
15:30:27 | bridge | INFO | [SUBACK] 46 (1,)
15:30:27 | bridge | INFO | [CONNECTION MADE]
15:30:27 | bridge | INFO | [SEND SUB] 48 [b'v1/devices/me/attributes']
15:30:27 | bridge | INFO | [SUBACK] 48 (1,)
15:30:27 | bridge | INFO | [CONNECTION MADE]
15:30:27 | bridge | INFO | [SEND SUB] 50 [b'v1/devices/me/attributes']
15:30:27 | bridge | INFO | [SUBACK] 50 (1,)
15:30:27 | bridge | INFO | [CONNECTION MADE]
15:30:28 | bridge | INFO | [SEND SUB] 52 [b'v1/devices/me/attributes']
15:30:28 | bridge | INFO | [SUBACK] 52 (1,)
15:30:28 | bridge | INFO | [CONNECTION MADE]
15:30:28 | bridge | INFO | [SEND SUB] 54 [b'v1/devices/me/attributes']
15:30:28 | bridge | INFO | [SUBACK] 54 (1,)
15:30:28 | bridge | INFO | [CONNECTION MADE]
15:30:28 | bridge | INFO | [SEND SUB] 58 [b'v1/devices/me/attributes']
15:30:28 | bridge | INFO | [SUBACK] 58 (1,)
15:30:28 | bridge | INFO | [CONNECTION MADE]
15:30:28 | bridge | INFO | [SEND SUB] 62 [b'v1/devices/me/attributes']
15:30:28 | bridge | INFO | [SUBACK] 62 (1,)
15:30:28 | bridge | INFO | [CONNECTION MADE]
15:30:28 | bridge | INFO | [SEND SUB] 64 [b'v1/devices/me/attributes']
15:30:28 | bridge | INFO | [SUBACK] 64 (1,)
15:30:28 | bridge | INFO | [CONNECTION MADE]
15:30:28 | bridge | INFO | [SEND SUB] 66 [b'v1/devices/me/attributes']
15:30:28 | bridge | INFO | [SUBACK] 66 (1,)
15:30:28 | bridge | INFO | [CONNECTION MADE]
15:30:28 | bridge | INFO | [SEND SUB] 68 [b'v1/devices/me/attributes']
15:30:28 | bridge | INFO | [SUBACK] 68 (1,)
15:30:28 | bridge | INFO | [CONNECTION MADE]
15:30:28 | bridge | INFO | [SEND SUB] 70 [b'v1/devices/me/attributes']
15:30:28 | bridge | INFO | [SUBACK] 70 (1,)
15:30:28 | bridge | INFO | [CONNECTION MADE]
15:30:28 | bridge | INFO | [SEND SUB] 72 [b'v1/devices/me/attributes']
15:30:28 | bridge | INFO | [SUBACK] 72 (1,)
15:30:28 | bridge | INFO | [CONNECTION MADE]
15:30:28 | bridge | INFO | [SEND SUB] 74 [b'v1/devices/me/attributes']
15:30:28 | bridge | INFO | [SUBACK] 74 (1,)
15:30:28 | bridge | INFO | [CONNECTION MADE]
15:30:28 | bridge | INFO | [SEND SUB] 76 [b'v1/devices/me/attributes']
15:30:28 | bridge | INFO | [SUBACK] 76 (1,)
15:30:28 | bridge | INFO | [CONNECTION MADE]
15:30:28 | bridge | INFO | [SEND SUB] 78 [b'v1/devices/me/attributes']
15:30:28 | bridge | INFO | [SUBACK] 78 (1,)
15:30:28 | bridge | INFO | [CONNECTION MADE]
15:30:28 | bridge | INFO | [SEND SUB] 80 [b'v1/devices/me/attributes']
15:30:28 | bridge | INFO | [SUBACK] 80 (1,)
15:30:28 | bridge | INFO | [CONNECTION MADE]
15:30:28 | bridge | INFO | [SEND SUB] 82 [b'v1/devices/me/attributes']
15:30:28 | bridge | INFO | [SUBACK] 82 (1,)
15:30:28 | bridge | INFO | [CONNECTION MADE]
15:30:28 | bridge | INFO | [SEND SUB] 86 [b'v1/devices/me/attributes']
15:30:28 | bridge | INFO | [SUBACK] 86 (1,)
15:30:28 | bridge | INFO | [CONNECTION MADE]
15:30:28 | bridge | INFO | [SEND SUB] 90 [b'v1/devices/me/attributes']
15:30:28 | bridge | INFO | [SUBACK] 90 (1,)
15:30:28 | bridge | INFO | [CONNECTION MADE]
15:30:28 | bridge | INFO | [SEND SUB] 92 [b'v1/devices/me/attributes']
15:30:28 | bridge | INFO | [SUBACK] 92 (1,)
15:30:28 | bridge | INFO | [CONNECTION MADE]
15:30:28 | bridge | INFO | [SEND SUB] 94 [b'v1/devices/me/attributes']
15:30:28 | bridge | INFO | [SUBACK] 94 (1,)
15:30:28 | bridge | INFO | [CONNECTION MADE]
15:30:28 | bridge | INFO | [SEND SUB] 96 [b'v1/devices/me/attributes']
15:30:28 | bridge | INFO | [SUBACK] 96 (1,)
15:30:28 | bridge | INFO | [CONNECTION MADE]
15:30:28 | bridge | INFO | [SEND SUB] 98 [b'v1/devices/me/attributes']
15:30:28 | bridge | INFO | [SUBACK] 98 (1,)
15:30:28 | bridge | INFO | [CONNECTION MADE]
15:30:28 | bridge | INFO | [SEND SUB] 100 [b'v1/devices/me/attributes']
15:30:28 | bridge | INFO | [SUBACK] 100 (1,)
15:30:28 | bridge | INFO | [CONNECTION MADE]
15:30:28 | bridge | INFO | [SEND SUB] 102 [b'v1/devices/me/attributes']
15:30:28 | bridge | INFO | [SUBACK] 102 (1,)
15:30:28 | bridge | INFO | [CONNECTION MADE]
15:30:28 | bridge | INFO | [SEND SUB] 104 [b'v1/devices/me/attributes']
15:30:28 | bridge | INFO | [SUBACK] 104 (1,)
15:30:28 | bridge | INFO | [CONNECTION MADE]
15:30:28 | bridge | INFO | [SEND SUB] 106 [b'v1/devices/me/attributes']
15:30:28 | bridge | INFO | [SUBACK] 106 (1,)
15:30:28 | bridge | INFO | [CONNECTION MADE]
15:30:28 | bridge | INFO | [SEND SUB] 108 [b'v1/devices/me/attributes']
15:30:28 | bridge | INFO | [SUBACK] 108 (1,)
15:30:28 | bridge | INFO | [CONNECTION MADE]
15:30:28 | bridge | INFO | [SEND SUB] 110 [b'v1/devices/me/attributes']
15:30:28 | bridge | INFO | [SUBACK] 110 (1,)
15:30:28 | bridge | INFO | [CONNECTION MADE]
15:30:28 | bridge | INFO | [SEND SUB] 114 [b'v1/devices/me/attributes']
15:30:28 | bridge | INFO | [SUBACK] 114 (1,)
15:30:28 | bridge | INFO | [CONNECTION MADE]
15:30:28 | bridge | INFO | [SEND SUB] 116 [b'v1/devices/me/attributes']
15:30:28 | bridge | INFO | [SUBACK] 116 (1,)
15:30:28 | bridge | INFO | [CONNECTION MADE]
15:30:28 | bridge | INFO | [SEND SUB] 122 [b'v1/devices/me/attributes']
15:30:28 | bridge | INFO | [SUBACK] 122 (1,)
15:30:28 | bridge | INFO | [CONNECTION MADE]
15:30:28 | bridge | INFO | [SEND SUB] 124 [b'v1/devices/me/attributes']
15:30:28 | bridge | INFO | [SUBACK] 124 (1,)
15:30:28 | bridge | INFO | [CONNECTION MADE]
15:30:28 | bridge | INFO | [SEND SUB] 126 [b'v1/devices/me/attributes']
15:30:28 | bridge | INFO | [SUBACK] 126 (1,)
15:30:28 | bridge | INFO | [CONNECTION MADE]
15:30:28 | bridge | INFO | [SEND SUB] 128 [b'v1/devices/me/attributes']
15:30:28 | bridge | INFO | [SUBACK] 128 (1,)
15:30:28 | bridge | INFO | [CONNECTION MADE]
15:30:28 | bridge | INFO | [SEND SUB] 130 [b'v1/devices/me/attributes']
15:30:28 | bridge | INFO | [SUBACK] 130 (1,)
15:30:28 | bridge | INFO | [CONNECTION MADE]
15:30:28 | bridge | INFO | [SEND SUB] 132 [b'v1/devices/me/attributes']
15:30:28 | bridge | INFO | [SUBACK] 132 (1,)
15:30:28 | bridge | INFO | [CONNECTION MADE]
15:30:29 | bridge | INFO | [SEND SUB] 134 [b'v1/devices/me/attributes']
15:30:29 | bridge | INFO | [SUBACK] 134 (1,)
15:30:29 | bridge | INFO | [CONNECTION MADE]
15:30:29 | bridge | INFO | [SEND SUB] 136 [b'v1/devices/me/attributes']
15:30:29 | bridge | INFO | [SUBACK] 136 (1,)
15:30:29 | bridge | INFO | [CONNECTION MADE]
15:30:29 | bridge | INFO | [SEND SUB] 138 [b'v1/devices/me/attributes']
15:30:29 | bridge | INFO | [SUBACK] 138 (1,)
15:30:29 | bridge | INFO | [CONNECTION MADE]
15:30:29 | bridge | INFO | [SEND SUB] 140 [b'v1/devices/me/attributes']
15:30:29 | bridge | INFO | [SUBACK] 140 (1,)
15:30:29 | bridge | INFO | [CONNECTION MADE]
15:30:29 | bridge | INFO | [SEND SUB] 142 [b'v1/devices/me/attributes']
15:30:29 | bridge | INFO | [SUBACK] 142 (1,)
15:30:29 | bridge | INFO | [CONNECTION MADE]
15:30:29 | bridge | INFO | [SEND SUB] 144 [b'v1/devices/me/attributes']
15:30:29 | bridge | INFO | [SUBACK] 144 (1,)
15:30:29 | bridge | INFO | [CONNECTION MADE]
15:30:29 | bridge | INFO | [SEND SUB] 146 [b'v1/devices/me/attributes']
15:30:29 | bridge | INFO | [SUBACK] 146 (1,)
15:30:29 | bridge | INFO | [CONNECTION MADE]
15:30:29 | bridge | INFO | [SEND SUB] 150 [b'v1/devices/me/attributes']
15:30:29 | bridge | INFO | [SUBACK] 150 (1,)
15:30:29 | bridge | INFO | [CONNECTION MADE]
15:30:29 | bridge | INFO | [SEND SUB] 156 [b'v1/devices/me/attributes']
15:30:29 | bridge | INFO | [SUBACK] 156 (1,)
15:30:29 | bridge | INFO | [CONNECTION MADE]
15:30:29 | bridge | INFO | [SEND SUB] 158 [b'v1/devices/me/attributes']
15:30:29 | bridge | INFO | [SUBACK] 158 (1,)
15:30:29 | bridge | INFO | [CONNECTION MADE]
15:30:29 | bridge | INFO | [SEND SUB] 160 [b'v1/devices/me/attributes']
15:30:29 | bridge | INFO | [SUBACK] 160 (1,)
15:30:29 | bridge | INFO | [CONNECTION MADE]
15:30:29 | bridge | INFO | [SEND SUB] 164 [b'v1/devices/me/attributes']
15:30:29 | bridge | INFO | [SUBACK] 164 (1,)
15:30:29 | bridge | INFO | [CONNECTION MADE]
15:30:29 | bridge | INFO | [SEND SUB] 166 [b'v1/devices/me/attributes']
15:30:29 | bridge | INFO | [SUBACK] 166 (1,)
15:30:29 | bridge | INFO | [CONNECTION MADE]
15:30:29 | bridge | INFO | [SEND SUB] 170 [b'v1/devices/me/attributes']
15:30:29 | bridge | INFO | [SUBACK] 170 (1,)
15:30:29 | bridge | INFO | [CONNECTION MADE]
15:30:29 | bridge | INFO | [SEND SUB] 174 [b'v1/devices/me/attributes']
15:30:29 | bridge | INFO | [SUBACK] 174 (1,)
15:30:29 | bridge | INFO | [CONNECTION MADE]
15:30:29 | bridge | INFO | [SEND SUB] 178 [b'v1/devices/me/attributes']
15:30:29 | bridge | INFO | [SUBACK] 178 (1,)
15:30:29 | bridge | INFO | [CONNECTION MADE]
15:30:29 | bridge | INFO | [SEND SUB] 184 [b'v1/devices/me/attributes']
15:30:29 | bridge | INFO | [SUBACK] 184 (1,)
15:30:29 | bridge | INFO | [CONNECTION MADE]
15:30:29 | bridge | INFO | [SEND SUB] 188 [b'v1/devices/me/attributes']
15:30:29 | bridge | INFO | [SUBACK] 188 (1,)
15:30:29 | bridge | INFO | [CONNECTION MADE]
15:30:29 | bridge | INFO | [SEND SUB] 192 [b'v1/devices/me/attributes']
15:30:29 | bridge | INFO | [SUBACK] 192 (1,)
15:30:29 | bridge | INFO | [CONNECTION MADE]
15:30:29 | bridge | INFO | [SEND SUB] 196 [b'v1/devices/me/attributes']
15:30:29 | bridge | INFO | [SUBACK] 196 (1,)
15:30:29 | bridge | INFO | [CONNECTION MADE]
15:30:29 | bridge | INFO | [SEND SUB] 200 [b'v1/devices/me/attributes']
15:30:29 | bridge | INFO | [SUBACK] 200 (1,)
15:30:29 | bridge | INFO | [CONNECTION MADE]
15:30:30 | bridge | INFO | [SEND SUB] 202 [b'v1/devices/me/attributes']
15:30:30 | bridge | INFO | [SUBACK] 202 (1,)
15:30:30 | bridge | INFO | [CONNECTION MADE]
15:30:30 | bridge | INFO | [SEND SUB] 206 [b'v1/devices/me/attributes']
15:30:30 | bridge | INFO | [SUBACK] 206 (1,)
15:30:30 | bridge | INFO | [CONNECTION MADE]
15:30:30 | bridge | INFO | [SEND SUB] 212 [b'v1/devices/me/attributes']
15:30:30 | bridge | INFO | [SUBACK] 212 (1,)
15:30:30 | bridge | INFO | [CONNECTION MADE]
15:30:30 | bridge | INFO | [SEND SUB] 214 [b'v1/devices/me/attributes']
15:30:30 | bridge | INFO | [SUBACK] 214 (1,)
15:30:30 | bridge | INFO | [CONNECTION MADE]
15:30:30 | bridge | INFO | [SEND SUB] 218 [b'v1/devices/me/attributes']
15:30:30 | bridge | INFO | [SUBACK] 218 (1,)
15:30:30 | bridge | INFO | [CONNECTION MADE]
15:30:30 | bridge | INFO | [SEND SUB] 222 [b'v1/devices/me/attributes']
15:30:30 | bridge | INFO | [SUBACK] 222 (1,)
15:30:30 | bridge | INFO | [CONNECTION MADE]
15:30:30 | bridge | INFO | [SEND SUB] 224 [b'v1/devices/me/attributes']
15:30:30 | bridge | INFO | [SUBACK] 224 (1,)
15:30:30 | bridge | INFO | [CONNECTION MADE]
15:30:30 | bridge | INFO | [SEND SUB] 226 [b'v1/devices/me/attributes']
15:30:30 | bridge | INFO | [SUBACK] 226 (1,)
15:30:30 | bridge | INFO | [CONNECTION MADE]
15:30:30 | bridge | INFO | [SEND SUB] 228 [b'v1/devices/me/attributes']
15:30:30 | bridge | INFO | [SUBACK] 228 (1,)
15:30:30 | bridge | INFO | [CONNECTION MADE]
15:30:30 | bridge | INFO | [SEND SUB] 234 [b'v1/devices/me/attributes']
15:30:30 | bridge | INFO | [SUBACK] 234 (1,)
15:30:30 | bridge | INFO | [CONNECTION MADE]
15:30:30 | bridge | INFO | [SEND SUB] 240 [b'v1/devices/me/attributes']
15:30:30 | bridge | INFO | [SUBACK] 240 (1,)
15:30:30 | bridge | INFO | [CONNECTION MADE]
15:30:30 | bridge | INFO | [SEND SUB] 244 [b'v1/devices/me/attributes']
15:30:30 | bridge | INFO | [SUBACK] 244 (1,)
15:30:30 | bridge | INFO | [CONNECTION MADE]
15:30:30 | bridge | INFO | [SEND SUB] 246 [b'v1/devices/me/attributes']
15:30:30 | bridge | INFO | [SUBACK] 246 (1,)
15:30:30 | bridge | INFO | [CONNECTION MADE]
15:30:30 | bridge | INFO | [SEND SUB] 248 [b'v1/devices/me/attributes']
15:30:30 | bridge | INFO | [CONNECTION MADE]
15:30:30 | bridge | INFO | [SUBACK] 248 (1,)
15:30:30 | bridge | INFO | [SEND SUB] 252 [b'v1/devices/me/attributes']
15:30:30 | bridge | INFO | [SUBACK] 252 (1,)
15:30:30 | bridge | INFO | [CONNECTION MADE]
15:30:30 | bridge | INFO | [SEND SUB] 258 [b'v1/devices/me/attributes']
15:30:30 | bridge | INFO | [SUBACK] 258 (1,)
15:30:30 | bridge | INFO | [CONNECTION MADE]
15:30:30 | bridge | INFO | [SEND SUB] 262 [b'v1/devices/me/attributes']
15:30:30 | bridge | INFO | [SUBACK] 262 (1,)
15:30:30 | bridge | INFO | [CONNECTION MADE]
15:30:30 | bridge | INFO | [SEND SUB] 266 [b'v1/devices/me/attributes']
15:30:30 | bridge | INFO | [SUBACK] 266 (1,)
15:30:30 | bridge | INFO | [CONNECTION MADE]
15:30:30 | bridge | INFO | [SEND SUB] 270 [b'v1/devices/me/attributes']
15:30:30 | bridge | INFO | [SUBACK] 270 (1,)
15:30:30 | bridge | INFO | [CONNECTION MADE]
15:30:30 | bridge | INFO | [SEND SUB] 280 [b'v1/devices/me/attributes']
15:30:30 | bridge | INFO | [SUBACK] 280 (1,)
15:30:30 | bridge | INFO | [CONNECTION MADE]
15:30:31 | bridge | INFO | [SEND SUB] 282 [b'v1/devices/me/attributes']
15:30:31 | bridge | INFO | [SUBACK] 282 (1,)
15:30:31 | bridge | INFO | [CONNECTION MADE]
15:30:31 | bridge | INFO | [SEND SUB] 288 [b'v1/devices/me/attributes']
15:30:31 | bridge | INFO | [SUBACK] 288 (1,)
15:30:31 | bridge | INFO | [CONNECTION MADE]
15:30:31 | bridge | INFO | [SEND SUB] 292 [b'v1/devices/me/attributes']
15:30:31 | bridge | INFO | [SUBACK] 292 (1,)
15:30:31 | bridge | INFO | [CONNECTION MADE]
15:30:31 | bridge | INFO | [SEND SUB] 294 [b'v1/devices/me/attributes']
15:30:31 | bridge | INFO | [SUBACK] 294 (1,)
15:30:31 | bridge | INFO | [CONNECTION MADE]
15:30:31 | bridge | INFO | [SEND SUB] 300 [b'v1/devices/me/attributes']
15:30:31 | bridge | INFO | [SUBACK] 300 (1,)
15:30:31 | bridge | INFO | [CONNECTION MADE]
15:30:31 | bridge | INFO | [SEND SUB] 306 [b'v1/devices/me/attributes']
15:30:31 | bridge | INFO | [SUBACK] 306 (1,)
15:30:31 | bridge | INFO | [CONNECTION MADE]
15:30:31 | bridge | INFO | [SEND SUB] 308 [b'v1/devices/me/attributes']
15:30:31 | bridge | INFO | [SUBACK] 308 (1,)
15:30:31 | bridge | INFO | [CONNECTION MADE]
15:30:31 | bridge | INFO | [SEND SUB] 310 [b'v1/devices/me/attributes']
15:30:31 | bridge | INFO | [SUBACK] 310 (1,)
15:30:31 | bridge | INFO | [CONNECTION MADE]
15:30:31 | bridge | INFO | [SEND SUB] 312 [b'v1/devices/me/attributes']
15:30:31 | bridge | INFO | [SUBACK] 312 (1,)
15:30:31 | bridge | INFO | [CONNECTION MADE]
15:30:31 | bridge | INFO | [SEND SUB] 314 [b'v1/devices/me/attributes']
15:30:31 | bridge | INFO | [SUBACK] 314 (1,)
15:30:31 | bridge | INFO | [CONNECTION MADE]
15:30:31 | bridge | INFO | [SEND SUB] 316 [b'v1/devices/me/attributes']
15:30:31 | bridge | INFO | [SUBACK] 316 (1,)
15:30:31 | bridge | INFO | [CONNECTION MADE]
15:30:31 | bridge | INFO | [SEND SUB] 324 [b'v1/devices/me/attributes']
15:30:31 | bridge | INFO | [SUBACK] 324 (1,)
15:30:31 | bridge | INFO | [CONNECTION MADE]
15:30:31 | bridge | INFO | [SEND SUB] 326 [b'v1/devices/me/attributes']
15:30:31 | bridge | INFO | [SUBACK] 326 (1,)
15:30:31 | bridge | INFO | [CONNECTION MADE]
15:30:31 | bridge | INFO | [SEND SUB] 336 [b'v1/devices/me/attributes']
15:30:31 | bridge | INFO | [SUBACK] 336 (1,)
15:30:31 | bridge | INFO | [CONNECTION MADE]
15:30:31 | bridge | INFO | [SEND SUB] 338 [b'v1/devices/me/attributes']
15:30:31 | bridge | INFO | [SUBACK] 338 (1,)
15:30:31 | bridge | INFO | [CONNECTION MADE]
15:30:31 | bridge | INFO | [SEND SUB] 340 [b'v1/devices/me/attributes']
15:30:31 | bridge | INFO | [SUBACK] 340 (1,)
15:30:31 | bridge | INFO | [CONNECTION MADE]
15:30:31 | bridge | INFO | [SEND SUB] 342 [b'v1/devices/me/attributes']
15:30:31 | bridge | INFO | [SUBACK] 342 (1,)
15:30:31 | bridge | INFO | [CONNECTION MADE]
15:30:31 | bridge | INFO | [SEND SUB] 344 [b'v1/devices/me/attributes']
15:30:31 | bridge | INFO | [SUBACK] 344 (1,)
15:30:31 | bridge | INFO | [CONNECTION MADE]
15:30:31 | bridge | INFO | [SEND SUB] 348 [b'v1/devices/me/attributes']
15:30:31 | bridge | INFO | [SUBACK] 348 (1,)
15:30:31 | bridge | INFO | [CONNECTION MADE]
15:30:31 | bridge | INFO | [SEND SUB] 350 [b'v1/devices/me/attributes']
15:30:31 | bridge | INFO | [SUBACK] 350 (1,)
15:30:31 | bridge | INFO | [CONNECTION MADE]
15:30:32 | bridge | INFO | [SEND SUB] 358 [b'v1/devices/me/attributes']
15:30:32 | bridge | INFO | [SUBACK] 358 (1,)
15:30:32 | bridge | INFO | [CONNECTION MADE]
15:30:32 | bridge | INFO | [SEND SUB] 360 [b'v1/devices/me/attributes']
15:30:32 | bridge | INFO | [SUBACK] 360 (1,)
15:30:32 | bridge | INFO | [CONNECTION MADE]
15:30:32 | bridge | INFO | [SEND SUB] 364 [b'v1/devices/me/attributes']
15:30:32 | bridge | INFO | [SUBACK] 364 (1,)
15:30:32 | bridge | INFO | [CONNECTION MADE]
15:30:32 | bridge | INFO | [SEND SUB] 370 [b'v1/devices/me/attributes']
15:30:32 | bridge | INFO | [SUBACK] 370 (1,)
15:30:32 | bridge | INFO | [CONNECTION MADE]
15:30:32 | bridge | INFO | [SEND SUB] 374 [b'v1/devices/me/attributes']
15:30:32 | bridge | INFO | [SUBACK] 374 (1,)
15:30:32 | bridge | INFO | [CONNECTION MADE]
15:30:32 | bridge | INFO | [SEND SUB] 380 [b'v1/devices/me/attributes']
15:30:32 | bridge | INFO | [SUBACK] 380 (1,)
15:30:32 | bridge | INFO | [CONNECTION MADE]
15:30:32 | bridge | INFO | [SEND SUB] 384 [b'v1/devices/me/attributes']
15:30:32 | bridge | INFO | [SUBACK] 384 (1,)
15:30:32 | bridge | INFO | [CONNECTION MADE]
15:30:32 | bridge | INFO | [SEND SUB] 388 [b'v1/devices/me/attributes']
15:30:32 | bridge | INFO | [SUBACK] 388 (1,)
15:30:32 | bridge | INFO | [CONNECTION MADE]
15:30:32 | bridge | INFO | [SEND SUB] 394 [b'v1/devices/me/attributes']
15:30:32 | bridge | INFO | [SUBACK] 394 (1,)
15:30:32 | bridge | INFO | [CONNECTION MADE]
15:30:32 | bridge | INFO | [SEND SUB] 406 [b'v1/devices/me/attributes']
15:30:32 | bridge | INFO | [SUBACK] 406 (1,)
15:30:32 | bridge | INFO | [CONNECTION MADE]
15:30:32 | bridge | INFO | [SEND SUB] 408 [b'v1/devices/me/attributes']
15:30:32 | bridge | INFO | [SUBACK] 408 (1,)
15:30:32 | bridge | INFO | [CONNECTION MADE]
15:30:32 | bridge | INFO | [SEND SUB] 410 [b'v1/devices/me/attributes']
15:30:32 | bridge | INFO | [SUBACK] 410 (1,)
15:30:32 | bridge | INFO | [CONNECTION MADE]
15:30:32 | bridge | INFO | [SEND SUB] 414 [b'v1/devices/me/attributes']
15:30:32 | bridge | INFO | [SUBACK] 414 (1,)
15:30:32 | bridge | INFO | [CONNECTION MADE]
15:30:32 | bridge | INFO | [SEND SUB] 422 [b'v1/devices/me/attributes']
15:30:32 | bridge | INFO | [SUBACK] 422 (1,)
15:30:32 | bridge | INFO | [CONNECTION MADE]
15:30:32 | bridge | INFO | [SEND SUB] 424 [b'v1/devices/me/attributes']
15:30:32 | bridge | INFO | [SUBACK] 424 (1,)
15:30:32 | bridge | INFO | [CONNECTION MADE]
15:30:32 | bridge | INFO | [SEND SUB] 430 [b'v1/devices/me/attributes']
15:30:32 | bridge | INFO | [SUBACK] 430 (1,)
15:30:32 | bridge | INFO | [CONNECTION MADE]
15:30:32 | bridge | INFO | [SEND SUB] 432 [b'v1/devices/me/attributes']
15:30:32 | bridge | INFO | [SUBACK] 432 (1,)
15:30:32 | bridge | INFO | [CONNECTION MADE]
15:30:32 | bridge | INFO | [SEND SUB] 434 [b'v1/devices/me/attributes']
15:30:32 | bridge | INFO | [SUBACK] 434 (1,)
15:30:32 | bridge | INFO | [CONNECTION MADE]
15:30:32 | bridge | INFO | [SEND SUB] 438 [b'v1/devices/me/attributes']
15:30:32 | bridge | INFO | [CONNECTION MADE]
15:30:32 | bridge | INFO | [SUBACK] 438 (1,)
15:30:32 | bridge | INFO | [SEND SUB] 440 [b'v1/devices/me/attributes']
15:30:33 | bridge | INFO | [SUBACK] 440 (1,)
15:30:33 | bridge | INFO | [CONNECTION MADE]
15:30:33 | bridge | INFO | [SEND SUB] 444 [b'v1/devices/me/attributes']
15:30:33 | bridge | INFO | [SUBACK] 444 (1,)
15:30:33 | bridge | INFO | [CONNECTION MADE]
15:30:33 | bridge | INFO | [SEND SUB] 452 [b'v1/devices/me/attributes']
15:30:33 | bridge | INFO | [SUBACK] 452 (1,)
15:30:33 | bridge | INFO | [CONNECTION MADE]
15:30:33 | bridge | INFO | [SEND SUB] 456 [b'v1/devices/me/attributes']
15:30:33 | bridge | INFO | [SUBACK] 456 (1,)
15:30:33 | bridge | INFO | [CONNECTION MADE]
15:30:33 | bridge | INFO | [SEND SUB] 458 [b'v1/devices/me/attributes']
15:30:33 | bridge | INFO | [SUBACK] 458 (1,)
15:30:33 | bridge | INFO | [CONNECTION MADE]
15:30:33 | bridge | INFO | [SEND SUB] 462 [b'v1/devices/me/attributes']
15:30:33 | bridge | INFO | [SUBACK] 462 (1,)
15:30:33 | bridge | INFO | [CONNECTION MADE]
15:30:33 | bridge | INFO | [SEND SUB] 464 [b'v1/devices/me/attributes']
15:30:33 | bridge | INFO | [SUBACK] 464 (1,)
15:30:33 | bridge | INFO | [CONNECTION MADE]
15:30:33 | bridge | INFO | [SEND SUB] 468 [b'v1/devices/me/attributes']
15:30:33 | bridge | INFO | [SUBACK] 468 (1,)
15:30:33 | bridge | INFO | [CONNECTION MADE]
15:30:33 | bridge | INFO | [SEND SUB] 472 [b'v1/devices/me/attributes']
15:30:33 | bridge | INFO | [SUBACK] 472 (1,)
15:30:33 | bridge | INFO | [CONNECTION MADE]
15:30:33 | bridge | INFO | [SEND SUB] 476 [b'v1/devices/me/attributes']
15:30:33 | bridge | INFO | [SUBACK] 476 (1,)
15:30:33 | bridge | INFO | [CONNECTION MADE]
15:30:33 | bridge | INFO | [SEND SUB] 478 [b'v1/devices/me/attributes']
15:30:33 | bridge | INFO | [SUBACK] 478 (1,)
15:30:33 | bridge | INFO | [CONNECTION MADE]
15:30:33 | bridge | INFO | [SEND SUB] 480 [b'v1/devices/me/attributes']
15:30:33 | bridge | INFO | [SUBACK] 480 (1,)
15:30:33 | bridge | INFO | [CONNECTION MADE]
15:30:33 | bridge | INFO | [SEND SUB] 484 [b'v1/devices/me/attributes']
15:30:33 | bridge | INFO | [SUBACK] 484 (1,)
15:30:33 | bridge | INFO | [CONNECTION MADE]
15:30:33 | bridge | INFO | [SEND SUB] 486 [b'v1/devices/me/attributes']
15:30:33 | bridge | INFO | [SUBACK] 486 (1,)
15:30:33 | bridge | INFO | [CONNECTION MADE]
15:30:33 | bridge | INFO | [SEND SUB] 496 [b'v1/devices/me/attributes']
15:30:33 | bridge | INFO | [SUBACK] 496 (1,)
15:30:33 | bridge | INFO | [CONNECTION MADE]
15:30:33 | bridge | INFO | [SEND SUB] 498 [b'v1/devices/me/attributes']
15:30:33 | bridge | INFO | [SUBACK] 498 (1,)
15:30:33 | bridge | INFO | [CONNECTION MADE]
15:30:33 | bridge | INFO | [SEND SUB] 504 [b'v1/devices/me/attributes']
15:30:33 | bridge | INFO | [CONNECTION MADE]
15:30:33 | bridge | INFO | [SUBACK] 504 (1,)
15:30:33 | bridge | INFO | [SEND SUB] 508 [b'v1/devices/me/attributes']
15:30:33 | bridge | INFO | [SUBACK] 508 (1,)
15:30:33 | bridge | INFO | [CONNECTION MADE]
15:30:33 | bridge | INFO | [SEND SUB] 512 [b'v1/devices/me/attributes']
15:30:33 | bridge | INFO | [SUBACK] 512 (1,)
15:30:33 | bridge | INFO | [CONNECTION MADE]
15:30:33 | bridge | INFO | [SEND SUB] 514 [b'v1/devices/me/attributes']
15:30:33 | bridge | INFO | [SUBACK] 514 (1,)
15:30:33 | bridge | INFO | [CONNECTION MADE]
15:30:34 | bridge | INFO | [SEND SUB] 516 [b'v1/devices/me/attributes']
15:30:34 | bridge | INFO | [SUBACK] 516 (1,)
15:30:34 | bridge | INFO | [CONNECTION MADE]
15:30:34 | bridge | INFO | [SEND SUB] 518 [b'v1/devices/me/attributes']
15:30:34 | bridge | INFO | [SUBACK] 518 (1,)
15:30:34 | bridge | INFO | [CONNECTION MADE]
15:30:34 | bridge | INFO | [SEND SUB] 520 [b'v1/devices/me/attributes']
15:30:34 | bridge | INFO | [SUBACK] 520 (1,)
15:30:34 | bridge | INFO | [CONNECTION MADE]
15:30:34 | bridge | INFO | [SEND SUB] 524 [b'v1/devices/me/attributes']
15:30:34 | bridge | INFO | [SUBACK] 524 (1,)
15:30:34 | bridge | INFO | [CONNECTION MADE]
15:30:34 | bridge | INFO | [SEND SUB] 528 [b'v1/devices/me/attributes']
15:30:34 | bridge | INFO | [SUBACK] 528 (1,)
15:30:34 | bridge | INFO | [CONNECTION MADE]
15:30:34 | bridge | INFO | [SEND SUB] 532 [b'v1/devices/me/attributes']
15:30:34 | bridge | INFO | [SUBACK] 532 (1,)
15:30:34 | bridge | INFO | [CONNECTION MADE]
15:30:34 | bridge | INFO | [SEND SUB] 536 [b'v1/devices/me/attributes']
15:30:34 | bridge | INFO | [SUBACK] 536 (1,)
15:30:34 | bridge | INFO | [CONNECTION MADE]
15:30:34 | bridge | INFO | [SEND SUB] 542 [b'v1/devices/me/attributes']
15:30:34 | bridge | INFO | [SUBACK] 542 (1,)
15:30:34 | bridge | INFO | [CONNECTION MADE]
15:30:34 | bridge | INFO | [SEND SUB] 550 [b'v1/devices/me/attributes']
15:30:34 | bridge | INFO | [SUBACK] 550 (1,)
15:30:34 | bridge | INFO | [CONNECTION MADE]
15:30:34 | bridge | INFO | [SEND SUB] 554 [b'v1/devices/me/attributes']
15:30:34 | bridge | INFO | [SUBACK] 554 (1,)
15:30:34 | bridge | INFO | [CONNECTION MADE]
15:30:34 | bridge | INFO | [SEND SUB] 560 [b'v1/devices/me/attributes']
15:30:34 | bridge | INFO | [SUBACK] 560 (1,)
15:30:34 | bridge | INFO | [CONNECTION MADE]
15:30:34 | bridge | INFO | [SEND SUB] 566 [b'v1/devices/me/attributes']
15:30:34 | bridge | INFO | [SUBACK] 566 (1,)
15:30:34 | bridge | INFO | [CONNECTION MADE]
15:30:34 | bridge | INFO | [SEND SUB] 572 [b'v1/devices/me/attributes']
15:30:34 | bridge | INFO | [SUBACK] 572 (1,)
15:30:34 | bridge | INFO | [CONNECTION MADE]
15:30:34 | bridge | INFO | [SEND SUB] 582 [b'v1/devices/me/attributes']
15:30:34 | bridge | INFO | [SUBACK] 582 (1,)
15:30:34 | bridge | INFO | [CONNECTION MADE]
15:30:34 | bridge | INFO | [SEND SUB] 586 [b'v1/devices/me/attributes']
15:30:34 | bridge | INFO | [SUBACK] 586 (1,)
15:30:34 | bridge | INFO | [CONNECTION MADE]
15:30:34 | bridge | INFO | [SEND SUB] 594 [b'v1/devices/me/attributes']
15:30:34 | bridge | INFO | [SUBACK] 594 (1,)
15:30:34 | bridge | INFO | [CONNECTION MADE]
15:30:34 | bridge | INFO | [SEND SUB] 604 [b'v1/devices/me/attributes']
15:30:34 | bridge | INFO | [SUBACK] 604 (1,)
15:30:34 | bridge | INFO | [CONNECTION MADE]
15:30:34 | bridge | INFO | [SEND SUB] 608 [b'v1/devices/me/attributes']
15:30:34 | bridge | INFO | [SUBACK] 608 (1,)
15:30:34 | bridge | INFO | [CONNECTION MADE]
15:30:34 | bridge | INFO | [SEND SUB] 612 [b'v1/devices/me/attributes']
15:30:34 | bridge | INFO | [SUBACK] 612 (1,)
15:30:34 | bridge | INFO | [CONNECTION MADE]
15:30:34 | bridge | INFO | [SEND SUB] 618 [b'v1/devices/me/attributes']
15:30:34 | bridge | INFO | [SUBACK] 618 (1,)
15:30:34 | bridge | INFO | [CONNECTION MADE]
15:30:35 | bridge | INFO | [SEND SUB] 622 [b'v1/devices/me/attributes']
15:30:35 | bridge | INFO | [SUBACK] 622 (1,)
15:30:35 | bridge | INFO | [CONNECTION MADE]
15:30:35 | bridge | INFO | [SEND SUB] 628 [b'v1/devices/me/attributes']
15:30:35 | bridge | INFO | [SUBACK] 628 (1,)
15:30:35 | bridge | INFO | [CONNECTION MADE]
15:30:35 | bridge | INFO | [SEND SUB] 636 [b'v1/devices/me/attributes']
15:30:35 | bridge | INFO | [SUBACK] 636 (1,)
15:30:35 | bridge | INFO | [CONNECTION MADE]
15:30:35 | bridge | INFO | [SEND SUB] 642 [b'v1/devices/me/attributes']
15:30:35 | bridge | INFO | [SUBACK] 642 (1,)
15:30:35 | bridge | INFO | [CONNECTION MADE]
15:30:35 | bridge | INFO | [SEND SUB] 644 [b'v1/devices/me/attributes']
15:30:35 | bridge | INFO | [SUBACK] 644 (1,)
15:30:35 | bridge | INFO | [CONNECTION MADE]
15:30:35 | bridge | INFO | [SEND SUB] 648 [b'v1/devices/me/attributes']
15:30:35 | bridge | INFO | [CONNECTION MADE]
15:30:35 | bridge | INFO | [SUBACK] 648 (1,)
15:30:35 | bridge | INFO | [SEND SUB] 656 [b'v1/devices/me/attributes']
15:30:35 | bridge | INFO | [SUBACK] 656 (1,)
15:30:35 | bridge | INFO | [CONNECTION MADE]
15:30:35 | bridge | INFO | [SEND SUB] 662 [b'v1/devices/me/attributes']
15:30:35 | bridge | INFO | [SUBACK] 662 (1,)
15:30:35 | bridge | INFO | [CONNECTION MADE]
15:30:35 | bridge | INFO | [SEND SUB] 666 [b'v1/devices/me/attributes']
15:30:35 | bridge | INFO | [SUBACK] 666 (1,)
15:30:35 | bridge | INFO | [CONNECTION MADE]
15:30:35 | bridge | INFO | [SEND SUB] 670 [b'v1/devices/me/attributes']
15:30:35 | bridge | INFO | [SUBACK] 670 (1,)
15:30:35 | bridge | INFO | [CONNECTION MADE]
15:30:35 | bridge | INFO | [SEND SUB] 680 [b'v1/devices/me/attributes']
15:30:35 | bridge | INFO | [SUBACK] 680 (1,)
15:30:35 | bridge | INFO | [CONNECTION MADE]
15:30:35 | bridge | INFO | [SEND SUB] 684 [b'v1/devices/me/attributes']
15:30:35 | bridge | INFO | [SUBACK] 684 (1,)
15:30:35 | bridge | INFO | [CONNECTION MADE]
15:30:35 | bridge | INFO | [SEND SUB] 692 [b'v1/devices/me/attributes']
15:30:35 | bridge | INFO | [SUBACK] 692 (1,)
15:30:35 | bridge | INFO | [CONNECTION MADE]
15:30:35 | bridge | INFO | [SEND SUB] 696 [b'v1/devices/me/attributes']
15:30:35 | bridge | INFO | [CONNECTION MADE]
15:30:35 | bridge | INFO | [SUBACK] 696 (1,)
15:30:35 | bridge | INFO | [SEND SUB] 700 [b'v1/devices/me/attributes']
15:30:35 | bridge | INFO | [SUBACK] 700 (1,)
15:30:35 | bridge | INFO | [CONNECTION MADE]
15:30:35 | bridge | INFO | [SEND SUB] 704 [b'v1/devices/me/attributes']
15:30:35 | bridge | INFO | [SUBACK] 704 (1,)
15:30:35 | bridge | INFO | [CONNECTION MADE]
15:30:35 | bridge | INFO | [SEND SUB] 708 [b'v1/devices/me/attributes']
15:30:35 | bridge | INFO | [SUBACK] 708 (1,)
15:30:35 | bridge | INFO | [CONNECTION MADE]
15:30:35 | bridge | INFO | [SEND SUB] 714 [b'v1/devices/me/attributes']
15:30:35 | bridge | INFO | [SUBACK] 714 (1,)
15:30:35 | bridge | INFO | [CONNECTION MADE]
15:30:35 | bridge | INFO | [SEND SUB] 716 [b'v1/devices/me/attributes']
15:30:35 | bridge | INFO | [SUBACK] 716 (1,)
15:30:35 | bridge | INFO | [CONNECTION MADE]
15:30:35 | bridge | INFO | [SEND SUB] 726 [b'v1/devices/me/attributes']
15:30:35 | bridge | INFO | [SUBACK] 726 (1,)
15:30:35 | bridge | INFO | [CONNECTION MADE]
15:30:36 | bridge | INFO | [SEND SUB] 730 [b'v1/devices/me/attributes']
15:30:36 | bridge | INFO | [SUBACK] 730 (1,)
15:30:36 | bridge | INFO | [CONNECTION MADE]
15:30:36 | bridge | INFO | [SEND SUB] 738 [b'v1/devices/me/attributes']
15:30:36 | bridge | INFO | [SUBACK] 738 (1,)
15:30:37 | bridge | INFO | forwarded=896 by_leaf={'heartbeat': 548, 'telemetry': 348} tb_clients=200
15:30:47 | bridge | INFO | forwarded=1592 by_leaf={'heartbeat': 896, 'telemetry': 696} tb_clients=200
15:30:57 | bridge | INFO | forwarded=2306 by_leaf={'heartbeat': 1253, 'telemetry': 1053} tb_clients=200
15:31:07 | bridge | INFO | forwarded=3024 by_leaf={'heartbeat': 1612, 'telemetry': 1412} tb_clients=200
15:31:17 | bridge | INFO | forwarded=3744 by_leaf={'heartbeat': 1972, 'telemetry': 1772} tb_clients=200
15:31:27 | bridge | INFO | forwarded=4450 by_leaf={'heartbeat': 2325, 'telemetry': 2125} tb_clients=200
15:31:37 | bridge | INFO | forwarded=5162 by_leaf={'heartbeat': 2681, 'telemetry': 2481} tb_clients=200
15:31:47 | bridge | INFO | forwarded=5886 by_leaf={'heartbeat': 3043, 'telemetry': 2843} tb_clients=200
15:31:57 | bridge | INFO | forwarded=6618 by_leaf={'heartbeat': 3409, 'telemetry': 3209} tb_clients=200
15:32:07 | bridge | INFO | forwarded=7330 by_leaf={'heartbeat': 3765, 'telemetry': 3565} tb_clients=200
15:32:17 | bridge | INFO | forwarded=8040 by_leaf={'heartbeat': 4120, 'telemetry': 3920} tb_clients=200
15:32:27 | bridge | INFO | forwarded=8744 by_leaf={'heartbeat': 4472, 'telemetry': 4272} tb_clients=200
15:32:37 | bridge | INFO | forwarded=9446 by_leaf={'heartbeat': 4823, 'telemetry': 4623} tb_clients=200
15:32:47 | bridge | INFO | forwarded=10164 by_leaf={'heartbeat': 5182, 'telemetry': 4982} tb_clients=200
15:32:57 | bridge | INFO | forwarded=10886 by_leaf={'heartbeat': 5543, 'telemetry': 5343} tb_clients=200
15:33:07 | bridge | INFO | forwarded=11612 by_leaf={'heartbeat': 5906, 'telemetry': 5706} tb_clients=200
15:33:17 | bridge | INFO | forwarded=12350 by_leaf={'heartbeat': 6275, 'telemetry': 6075} tb_clients=200
15:33:27 | bridge | INFO | forwarded=13066 by_leaf={'heartbeat': 6633, 'telemetry': 6433} tb_clients=200
15:33:37 | bridge | INFO | forwarded=13798 by_leaf={'heartbeat': 6999, 'telemetry': 6799} tb_clients=200
15:33:47 | bridge | INFO | forwarded=14536 by_leaf={'heartbeat': 7368, 'telemetry': 7168} tb_clients=200
15:33:57 | bridge | INFO | forwarded=15286 by_leaf={'heartbeat': 7743, 'telemetry': 7543} tb_clients=200
15:34:07 | bridge | INFO | forwarded=16010 by_leaf={'heartbeat': 8105, 'telemetry': 7905} tb_clients=200
15:34:17 | bridge | INFO | forwarded=16750 by_leaf={'heartbeat': 8475, 'telemetry': 8275} tb_clients=200
15:34:27 | bridge | INFO | forwarded=17476 by_leaf={'heartbeat': 8838, 'telemetry': 8638} tb_clients=200
15:34:37 | bridge | INFO | forwarded=18184 by_leaf={'heartbeat': 9192, 'telemetry': 8992} tb_clients=200
15:34:47 | bridge | INFO | forwarded=18880 by_leaf={'heartbeat': 9540, 'telemetry': 9340} tb_clients=200
15:34:57 | bridge | INFO | forwarded=19572 by_leaf={'heartbeat': 9886, 'telemetry': 9686} tb_clients=200
15:35:07 | bridge | INFO | forwarded=20292 by_leaf={'heartbeat': 10246, 'telemetry': 10046} tb_clients=200
15:35:17 | bridge | INFO | forwarded=21012 by_leaf={'heartbeat': 10606, 'telemetry': 10406} tb_clients=200
15:35:27 | bridge | INFO | forwarded=21722 by_leaf={'heartbeat': 10961, 'telemetry': 10761} tb_clients=200
15:35:37 | bridge | INFO | forwarded=22442 by_leaf={'heartbeat': 11321, 'telemetry': 11121} tb_clients=200
15:35:47 | bridge | INFO | forwarded=23180 by_leaf={'heartbeat': 11690, 'telemetry': 11490} tb_clients=200
15:35:57 | bridge | INFO | forwarded=23920 by_leaf={'heartbeat': 12060, 'telemetry': 11860} tb_clients=200
15:36:07 | bridge | INFO | forwarded=24658 by_leaf={'heartbeat': 12429, 'telemetry': 12229} tb_clients=200
15:36:17 | bridge | INFO | forwarded=25388 by_leaf={'heartbeat': 12794, 'telemetry': 12594} tb_clients=200
15:36:27 | bridge | INFO | forwarded=26106 by_leaf={'heartbeat': 13153, 'telemetry': 12953} tb_clients=200
15:36:37 | bridge | INFO | forwarded=26818 by_leaf={'heartbeat': 13509, 'telemetry': 13309} tb_clients=200
15:36:47 | bridge | INFO | forwarded=27544 by_leaf={'heartbeat': 13872, 'telemetry': 13672} tb_clients=200
15:36:57 | bridge | INFO | forwarded=28288 by_leaf={'heartbeat': 14244, 'telemetry': 14044} tb_clients=200
15:37:07 | bridge | INFO | forwarded=29012 by_leaf={'heartbeat': 14606, 'telemetry': 14406} tb_clients=200
15:37:17 | bridge | INFO | forwarded=29738 by_leaf={'heartbeat': 14969, 'telemetry': 14769} tb_clients=200
15:37:27 | bridge | INFO | forwarded=30466 by_leaf={'heartbeat': 15333, 'telemetry': 15133} tb_clients=200
15:37:37 | bridge | INFO | forwarded=31214 by_leaf={'heartbeat': 15707, 'telemetry': 15507} tb_clients=200
15:37:47 | bridge | INFO | forwarded=31958 by_leaf={'heartbeat': 16079, 'telemetry': 15879} tb_clients=200
15:37:57 | bridge | INFO | forwarded=32704 by_leaf={'heartbeat': 16452, 'telemetry': 16252} tb_clients=200
15:38:07 | bridge | INFO | forwarded=33410 by_leaf={'heartbeat': 16805, 'telemetry': 16605} tb_clients=200
15:38:17 | bridge | INFO | forwarded=34098 by_leaf={'heartbeat': 17149, 'telemetry': 16949} tb_clients=200
15:38:27 | bridge | INFO | forwarded=34800 by_leaf={'heartbeat': 17500, 'telemetry': 17300} tb_clients=200
15:38:37 | bridge | INFO | forwarded=35534 by_leaf={'heartbeat': 17867, 'telemetry': 17667} tb_clients=200
15:38:47 | bridge | INFO | forwarded=36272 by_leaf={'heartbeat': 18236, 'telemetry': 18036} tb_clients=200
15:38:57 | bridge | INFO | forwarded=36996 by_leaf={'heartbeat': 18598, 'telemetry': 18398} tb_clients=200
15:39:07 | bridge | INFO | forwarded=37718 by_leaf={'heartbeat': 18959, 'telemetry': 18759} tb_clients=200
15:39:17 | bridge | INFO | forwarded=38440 by_leaf={'heartbeat': 19320, 'telemetry': 19120} tb_clients=200
15:39:27 | bridge | INFO | forwarded=39168 by_leaf={'heartbeat': 19684, 'telemetry': 19484} tb_clients=200
15:39:37 | bridge | INFO | forwarded=39898 by_leaf={'heartbeat': 20049, 'telemetry': 19849} tb_clients=200
15:39:47 | bridge | INFO | forwarded=40622 by_leaf={'heartbeat': 20411, 'telemetry': 20211} tb_clients=200
15:39:57 | bridge | INFO | forwarded=41338 by_leaf={'heartbeat': 20769, 'telemetry': 20569} tb_clients=200
15:40:07 | bridge | INFO | forwarded=42050 by_leaf={'heartbeat': 21125, 'telemetry': 20925} tb_clients=200
15:40:17 | bridge | INFO | forwarded=42786 by_leaf={'heartbeat': 21493, 'telemetry': 21293} tb_clients=200
15:40:27 | bridge | INFO | forwarded=43500 by_leaf={'heartbeat': 21850, 'telemetry': 21650} tb_clients=200
15:40:37 | bridge | INFO | forwarded=44208 by_leaf={'heartbeat': 22204, 'telemetry': 22004} tb_clients=200
15:40:47 | bridge | INFO | forwarded=44914 by_leaf={'heartbeat': 22557, 'telemetry': 22357} tb_clients=200
15:40:57 | bridge | INFO | forwarded=45626 by_leaf={'heartbeat': 22913, 'telemetry': 22713} tb_clients=200
15:41:07 | bridge | INFO | forwarded=46346 by_leaf={'heartbeat': 23273, 'telemetry': 23073} tb_clients=200
15:41:17 | bridge | INFO | forwarded=47078 by_leaf={'heartbeat': 23639, 'telemetry': 23439} tb_clients=200
15:41:27 | bridge | INFO | forwarded=47818 by_leaf={'heartbeat': 24009, 'telemetry': 23809} tb_clients=200
15:41:37 | bridge | INFO | forwarded=48550 by_leaf={'heartbeat': 24375, 'telemetry': 24175} tb_clients=200
15:41:47 | bridge | INFO | forwarded=49256 by_leaf={'heartbeat': 24728, 'telemetry': 24528} tb_clients=200
15:41:57 | bridge | INFO | forwarded=49956 by_leaf={'heartbeat': 25078, 'telemetry': 24878} tb_clients=200
15:42:07 | bridge | INFO | forwarded=50648 by_leaf={'heartbeat': 25424, 'telemetry': 25224} tb_clients=200
15:42:17 | bridge | INFO | forwarded=51338 by_leaf={'heartbeat': 25769, 'telemetry': 25569} tb_clients=200
15:42:27 | bridge | INFO | forwarded=52050 by_leaf={'heartbeat': 26125, 'telemetry': 25925} tb_clients=200
15:42:37 | bridge | INFO | forwarded=52768 by_leaf={'heartbeat': 26484, 'telemetry': 26284} tb_clients=200
15:42:47 | bridge | INFO | forwarded=53504 by_leaf={'heartbeat': 26852, 'telemetry': 26652} tb_clients=200
15:42:57 | bridge | INFO | forwarded=54242 by_leaf={'heartbeat': 27221, 'telemetry': 27021} tb_clients=200
15:43:07 | bridge | INFO | forwarded=54978 by_leaf={'heartbeat': 27589, 'telemetry': 27389} tb_clients=200
15:43:17 | bridge | INFO | forwarded=55694 by_leaf={'heartbeat': 27947, 'telemetry': 27747} tb_clients=200
15:43:27 | bridge | INFO | forwarded=56396 by_leaf={'heartbeat': 28298, 'telemetry': 28098} tb_clients=200
15:43:37 | bridge | INFO | forwarded=57092 by_leaf={'heartbeat': 28646, 'telemetry': 28446} tb_clients=200
15:43:47 | bridge | INFO | forwarded=57798 by_leaf={'heartbeat': 28999, 'telemetry': 28799} tb_clients=200
15:43:57 | bridge | INFO | forwarded=58504 by_leaf={'heartbeat': 29352, 'telemetry': 29152} tb_clients=200
15:44:07 | bridge | INFO | forwarded=59234 by_leaf={'heartbeat': 29717, 'telemetry': 29517} tb_clients=200
15:44:17 | bridge | INFO | forwarded=59968 by_leaf={'heartbeat': 30084, 'telemetry': 29884} tb_clients=200
15:44:27 | bridge | INFO | forwarded=60706 by_leaf={'heartbeat': 30453, 'telemetry': 30253} tb_clients=200
15:44:37 | bridge | INFO | forwarded=61418 by_leaf={'heartbeat': 30809, 'telemetry': 30609} tb_clients=200
15:44:47 | bridge | INFO | forwarded=62124 by_leaf={'heartbeat': 31162, 'telemetry': 30962} tb_clients=200
15:44:57 | bridge | INFO | forwarded=62818 by_leaf={'heartbeat': 31509, 'telemetry': 31309} tb_clients=200
15:45:07 | bridge | INFO | forwarded=63524 by_leaf={'heartbeat': 31862, 'telemetry': 31662} tb_clients=200
15:45:17 | bridge | INFO | forwarded=64240 by_leaf={'heartbeat': 32220, 'telemetry': 32020} tb_clients=200
15:45:27 | bridge | INFO | forwarded=64968 by_leaf={'heartbeat': 32584, 'telemetry': 32384} tb_clients=200
15:45:37 | bridge | INFO | forwarded=65666 by_leaf={'heartbeat': 32933, 'telemetry': 32733} tb_clients=200
15:45:47 | bridge | INFO | forwarded=66372 by_leaf={'heartbeat': 33286, 'telemetry': 33086} tb_clients=200
15:45:57 | bridge | INFO | forwarded=67078 by_leaf={'heartbeat': 33639, 'telemetry': 33439} tb_clients=200
15:46:07 | bridge | INFO | forwarded=67804 by_leaf={'heartbeat': 34002, 'telemetry': 33802} tb_clients=200
15:46:17 | bridge | INFO | forwarded=68534 by_leaf={'heartbeat': 34367, 'telemetry': 34167} tb_clients=200
15:46:27 | bridge | INFO | forwarded=69234 by_leaf={'heartbeat': 34717, 'telemetry': 34517} tb_clients=200
15:46:37 | bridge | INFO | forwarded=69912 by_leaf={'heartbeat': 35056, 'telemetry': 34856} tb_clients=200
15:46:47 | bridge | INFO | forwarded=70576 by_leaf={'heartbeat': 35388, 'telemetry': 35188} tb_clients=200
15:46:57 | bridge | INFO | forwarded=71260 by_leaf={'heartbeat': 35730, 'telemetry': 35530} tb_clients=200
15:47:07 | bridge | INFO | forwarded=71966 by_leaf={'heartbeat': 36083, 'telemetry': 35883} tb_clients=200
15:47:17 | bridge | INFO | forwarded=72698 by_leaf={'heartbeat': 36449, 'telemetry': 36249} tb_clients=200
15:47:27 | bridge | INFO | forwarded=73426 by_leaf={'heartbeat': 36813, 'telemetry': 36613} tb_clients=200
15:47:37 | bridge | INFO | forwarded=74168 by_leaf={'heartbeat': 37184, 'telemetry': 36984} tb_clients=200
15:47:47 | bridge | INFO | forwarded=74908 by_leaf={'heartbeat': 37554, 'telemetry': 37354} tb_clients=200
15:47:57 | bridge | INFO | forwarded=75648 by_leaf={'heartbeat': 37924, 'telemetry': 37724} tb_clients=200
15:48:07 | bridge | INFO | forwarded=76380 by_leaf={'heartbeat': 38290, 'telemetry': 38090} tb_clients=200
15:48:17 | bridge | INFO | forwarded=77124 by_leaf={'heartbeat': 38662, 'telemetry': 38462} tb_clients=200
15:48:27 | bridge | INFO | forwarded=77848 by_leaf={'heartbeat': 39024, 'telemetry': 38824} tb_clients=200
15:48:37 | bridge | INFO | forwarded=78572 by_leaf={'heartbeat': 39386, 'telemetry': 39186} tb_clients=200
15:48:47 | bridge | INFO | forwarded=79298 by_leaf={'heartbeat': 39749, 'telemetry': 39549} tb_clients=200
15:48:57 | bridge | INFO | forwarded=80026 by_leaf={'heartbeat': 40113, 'telemetry': 39913} tb_clients=200
15:49:07 | bridge | INFO | forwarded=80736 by_leaf={'heartbeat': 40468, 'telemetry': 40268} tb_clients=200
15:49:17 | bridge | INFO | forwarded=81468 by_leaf={'heartbeat': 40834, 'telemetry': 40634} tb_clients=200
15:49:27 | bridge | INFO | forwarded=82170 by_leaf={'heartbeat': 41185, 'telemetry': 40985} tb_clients=200
15:49:37 | bridge | INFO | forwarded=82860 by_leaf={'heartbeat': 41530, 'telemetry': 41330} tb_clients=200
15:49:47 | bridge | INFO | forwarded=83562 by_leaf={'heartbeat': 41881, 'telemetry': 41681} tb_clients=200
15:49:57 | bridge | INFO | forwarded=84258 by_leaf={'heartbeat': 42229, 'telemetry': 42029} tb_clients=200
15:50:07 | bridge | INFO | forwarded=84978 by_leaf={'heartbeat': 42589, 'telemetry': 42389} tb_clients=200
15:50:17 | bridge | INFO | forwarded=85694 by_leaf={'heartbeat': 42947, 'telemetry': 42747} tb_clients=200
15:50:27 | bridge | INFO | forwarded=86428 by_leaf={'heartbeat': 43314, 'telemetry': 43114} tb_clients=200
15:50:37 | bridge | INFO | forwarded=87154 by_leaf={'heartbeat': 43677, 'telemetry': 43477} tb_clients=200
15:50:47 | bridge | INFO | forwarded=87872 by_leaf={'heartbeat': 44036, 'telemetry': 43836} tb_clients=200
15:50:57 | bridge | INFO | forwarded=88580 by_leaf={'heartbeat': 44390, 'telemetry': 44190} tb_clients=200
15:51:07 | bridge | INFO | forwarded=89286 by_leaf={'heartbeat': 44743, 'telemetry': 44543} tb_clients=200
15:51:17 | bridge | INFO | forwarded=90004 by_leaf={'heartbeat': 45102, 'telemetry': 44902} tb_clients=200
15:51:27 | bridge | INFO | forwarded=90714 by_leaf={'heartbeat': 45457, 'telemetry': 45257} tb_clients=200
15:51:37 | bridge | INFO | forwarded=91440 by_leaf={'heartbeat': 45820, 'telemetry': 45620} tb_clients=200
15:51:47 | bridge | INFO | forwarded=92168 by_leaf={'heartbeat': 46184, 'telemetry': 45984} tb_clients=200
15:51:57 | bridge | INFO | forwarded=92886 by_leaf={'heartbeat': 46543, 'telemetry': 46343} tb_clients=200
15:52:07 | bridge | INFO | forwarded=93598 by_leaf={'heartbeat': 46899, 'telemetry': 46699} tb_clients=200
15:52:17 | bridge | INFO | forwarded=94292 by_leaf={'heartbeat': 47246, 'telemetry': 47046} tb_clients=200
15:52:27 | bridge | INFO | forwarded=95022 by_leaf={'heartbeat': 47611, 'telemetry': 47411} tb_clients=200
15:52:37 | bridge | INFO | forwarded=95740 by_leaf={'heartbeat': 47970, 'telemetry': 47770} tb_clients=200
15:52:47 | bridge | INFO | forwarded=96474 by_leaf={'heartbeat': 48337, 'telemetry': 48137} tb_clients=200
15:52:57 | bridge | INFO | forwarded=97188 by_leaf={'heartbeat': 48694, 'telemetry': 48494} tb_clients=200
15:53:07 | bridge | INFO | forwarded=97910 by_leaf={'heartbeat': 49055, 'telemetry': 48855} tb_clients=200
15:53:17 | bridge | INFO | forwarded=98618 by_leaf={'heartbeat': 49409, 'telemetry': 49209} tb_clients=200
15:53:27 | bridge | INFO | forwarded=99348 by_leaf={'heartbeat': 49774, 'telemetry': 49574} tb_clients=200
15:53:37 | bridge | INFO | forwarded=100066 by_leaf={'heartbeat': 50133, 'telemetry': 49933} tb_clients=200
15:53:47 | bridge | INFO | forwarded=100804 by_leaf={'heartbeat': 50502, 'telemetry': 50302} tb_clients=200
15:53:57 | bridge | INFO | forwarded=101532 by_leaf={'heartbeat': 50866, 'telemetry': 50666} tb_clients=200
15:54:07 | bridge | INFO | forwarded=102250 by_leaf={'heartbeat': 51225, 'telemetry': 51025} tb_clients=200
15:54:17 | bridge | INFO | forwarded=102964 by_leaf={'heartbeat': 51582, 'telemetry': 51382} tb_clients=200
15:54:27 | bridge | INFO | forwarded=103660 by_leaf={'heartbeat': 51930, 'telemetry': 51730} tb_clients=200
15:54:37 | bridge | INFO | forwarded=104354 by_leaf={'heartbeat': 52277, 'telemetry': 52077} tb_clients=200
15:54:47 | bridge | INFO | forwarded=105060 by_leaf={'heartbeat': 52630, 'telemetry': 52430} tb_clients=200
15:54:57 | bridge | INFO | forwarded=105784 by_leaf={'heartbeat': 52992, 'telemetry': 52792} tb_clients=200
15:55:07 | bridge | INFO | forwarded=106500 by_leaf={'heartbeat': 53350, 'telemetry': 53150} tb_clients=200
15:55:17 | bridge | INFO | forwarded=107200 by_leaf={'heartbeat': 53700, 'telemetry': 53500} tb_clients=200
15:55:27 | bridge | INFO | forwarded=107898 by_leaf={'heartbeat': 54049, 'telemetry': 53849} tb_clients=200
15:55:37 | bridge | INFO | forwarded=108610 by_leaf={'heartbeat': 54405, 'telemetry': 54205} tb_clients=200
15:55:47 | bridge | INFO | forwarded=109338 by_leaf={'heartbeat': 54769, 'telemetry': 54569} tb_clients=200
15:55:57 | bridge | INFO | forwarded=110060 by_leaf={'heartbeat': 55130, 'telemetry': 54930} tb_clients=200
15:56:07 | bridge | INFO | forwarded=110768 by_leaf={'heartbeat': 55484, 'telemetry': 55284} tb_clients=200
15:56:17 | bridge | INFO | forwarded=111480 by_leaf={'heartbeat': 55840, 'telemetry': 55640} tb_clients=200
15:56:27 | bridge | INFO | forwarded=112192 by_leaf={'heartbeat': 56196, 'telemetry': 55996} tb_clients=200
15:56:37 | bridge | INFO | forwarded=112920 by_leaf={'heartbeat': 56560, 'telemetry': 56360} tb_clients=200
15:56:47 | bridge | INFO | forwarded=113634 by_leaf={'heartbeat': 56917, 'telemetry': 56717} tb_clients=200
15:56:57 | bridge | INFO | forwarded=114346 by_leaf={'heartbeat': 57273, 'telemetry': 57073} tb_clients=200
15:57:07 | bridge | INFO | forwarded=115054 by_leaf={'heartbeat': 57627, 'telemetry': 57427} tb_clients=200
15:57:17 | bridge | INFO | forwarded=115782 by_leaf={'heartbeat': 57991, 'telemetry': 57791} tb_clients=200
15:57:27 | bridge | INFO | forwarded=116498 by_leaf={'heartbeat': 58349, 'telemetry': 58149} tb_clients=200
15:57:37 | bridge | INFO | forwarded=117214 by_leaf={'heartbeat': 58707, 'telemetry': 58507} tb_clients=200
15:57:47 | bridge | INFO | forwarded=117916 by_leaf={'heartbeat': 59058, 'telemetry': 58858} tb_clients=200
15:57:57 | bridge | INFO | forwarded=118608 by_leaf={'heartbeat': 59404, 'telemetry': 59204} tb_clients=200
15:58:07 | bridge | INFO | forwarded=119304 by_leaf={'heartbeat': 59752, 'telemetry': 59552} tb_clients=200
15:58:17 | bridge | INFO | forwarded=119998 by_leaf={'heartbeat': 60099, 'telemetry': 59899} tb_clients=200
15:58:27 | bridge | INFO | forwarded=120692 by_leaf={'heartbeat': 60446, 'telemetry': 60246} tb_clients=200
15:58:37 | bridge | INFO | forwarded=121400 by_leaf={'heartbeat': 60800, 'telemetry': 60600} tb_clients=200
15:58:47 | bridge | INFO | forwarded=122130 by_leaf={'heartbeat': 61165, 'telemetry': 60965} tb_clients=200
15:58:57 | bridge | INFO | forwarded=122852 by_leaf={'heartbeat': 61526, 'telemetry': 61326} tb_clients=200
15:59:07 | bridge | INFO | forwarded=123562 by_leaf={'heartbeat': 61881, 'telemetry': 61681} tb_clients=200
15:59:17 | bridge | INFO | forwarded=124290 by_leaf={'heartbeat': 62245, 'telemetry': 62045} tb_clients=200
15:59:27 | bridge | INFO | forwarded=125040 by_leaf={'heartbeat': 62620, 'telemetry': 62420} tb_clients=200
15:59:37 | bridge | INFO | forwarded=125778 by_leaf={'heartbeat': 62989, 'telemetry': 62789} tb_clients=200
15:59:47 | bridge | INFO | forwarded=126500 by_leaf={'heartbeat': 63350, 'telemetry': 63150} tb_clients=200
15:59:57 | bridge | INFO | forwarded=127212 by_leaf={'heartbeat': 63706, 'telemetry': 63506} tb_clients=200
16:00:07 | bridge | INFO | forwarded=127916 by_leaf={'heartbeat': 64058, 'telemetry': 63858} tb_clients=200
16:00:17 | bridge | INFO | forwarded=128604 by_leaf={'heartbeat': 64402, 'telemetry': 64202} tb_clients=200
16:00:27 | bridge | INFO | forwarded=129348 by_leaf={'heartbeat': 64774, 'telemetry': 64574} tb_clients=200
16:00:37 | bridge | INFO | forwarded=130070 by_leaf={'heartbeat': 65135, 'telemetry': 64935} tb_clients=200
16:00:47 | bridge | INFO | forwarded=130802 by_leaf={'heartbeat': 65501, 'telemetry': 65301} tb_clients=200
16:00:57 | bridge | INFO | forwarded=131554 by_leaf={'heartbeat': 65877, 'telemetry': 65677} tb_clients=200
16:01:07 | bridge | INFO | forwarded=132286 by_leaf={'heartbeat': 66243, 'telemetry': 66043} tb_clients=200
16:01:17 | bridge | INFO | forwarded=132992 by_leaf={'heartbeat': 66596, 'telemetry': 66396} tb_clients=200
16:01:27 | bridge | INFO | forwarded=133688 by_leaf={'heartbeat': 66944, 'telemetry': 66744} tb_clients=200
16:01:37 | bridge | INFO | forwarded=134398 by_leaf={'heartbeat': 67299, 'telemetry': 67099} tb_clients=200
16:01:47 | bridge | INFO | forwarded=135108 by_leaf={'heartbeat': 67654, 'telemetry': 67454} tb_clients=200
16:01:57 | bridge | INFO | forwarded=135832 by_leaf={'heartbeat': 68016, 'telemetry': 67816} tb_clients=200
16:02:07 | bridge | INFO | forwarded=136558 by_leaf={'heartbeat': 68379, 'telemetry': 68179} tb_clients=200
16:02:17 | bridge | INFO | forwarded=137288 by_leaf={'heartbeat': 68744, 'telemetry': 68544} tb_clients=200
16:02:27 | bridge | INFO | forwarded=138006 by_leaf={'heartbeat': 69103, 'telemetry': 68903} tb_clients=200
16:02:37 | bridge | INFO | forwarded=138718 by_leaf={'heartbeat': 69459, 'telemetry': 69259} tb_clients=200
16:02:47 | bridge | INFO | forwarded=139450 by_leaf={'heartbeat': 69825, 'telemetry': 69625} tb_clients=200
16:02:57 | bridge | INFO | forwarded=140170 by_leaf={'heartbeat': 70185, 'telemetry': 69985} tb_clients=200
16:03:07 | bridge | INFO | forwarded=140886 by_leaf={'heartbeat': 70543, 'telemetry': 70343} tb_clients=200
16:03:17 | bridge | INFO | forwarded=141610 by_leaf={'heartbeat': 70905, 'telemetry': 70705} tb_clients=200
16:03:27 | bridge | INFO | forwarded=142340 by_leaf={'heartbeat': 71270, 'telemetry': 71070} tb_clients=200
16:03:37 | bridge | INFO | forwarded=143086 by_leaf={'heartbeat': 71643, 'telemetry': 71443} tb_clients=200
16:03:47 | bridge | INFO | forwarded=143816 by_leaf={'heartbeat': 72008, 'telemetry': 71808} tb_clients=200
16:03:57 | bridge | INFO | forwarded=144552 by_leaf={'heartbeat': 72376, 'telemetry': 72176} tb_clients=200
16:04:07 | bridge | INFO | forwarded=145266 by_leaf={'heartbeat': 72733, 'telemetry': 72533} tb_clients=200
16:04:17 | bridge | INFO | forwarded=146012 by_leaf={'heartbeat': 73106, 'telemetry': 72906} tb_clients=200
16:04:27 | bridge | INFO | forwarded=146744 by_leaf={'heartbeat': 73472, 'telemetry': 73272} tb_clients=200
16:04:37 | bridge | INFO | forwarded=147466 by_leaf={'heartbeat': 73833, 'telemetry': 73633} tb_clients=200
16:04:47 | bridge | INFO | forwarded=148178 by_leaf={'heartbeat': 74189, 'telemetry': 73989} tb_clients=200
16:04:57 | bridge | INFO | forwarded=148884 by_leaf={'heartbeat': 74542, 'telemetry': 74342} tb_clients=200
16:05:07 | bridge | INFO | forwarded=149586 by_leaf={'heartbeat': 74893, 'telemetry': 74693} tb_clients=200
16:05:17 | bridge | INFO | forwarded=150314 by_leaf={'heartbeat': 75257, 'telemetry': 75057} tb_clients=200
16:05:27 | bridge | INFO | forwarded=151026 by_leaf={'heartbeat': 75613, 'telemetry': 75413} tb_clients=200
16:05:37 | bridge | INFO | forwarded=151752 by_leaf={'heartbeat': 75976, 'telemetry': 75776} tb_clients=200
16:05:47 | bridge | INFO | forwarded=152464 by_leaf={'heartbeat': 76332, 'telemetry': 76132} tb_clients=200
16:05:57 | bridge | INFO | forwarded=153192 by_leaf={'heartbeat': 76696, 'telemetry': 76496} tb_clients=200
16:06:07 | bridge | INFO | forwarded=153928 by_leaf={'heartbeat': 77064, 'telemetry': 76864} tb_clients=200
16:06:17 | bridge | INFO | forwarded=154660 by_leaf={'heartbeat': 77430, 'telemetry': 77230} tb_clients=200
16:06:27 | bridge | INFO | forwarded=155384 by_leaf={'heartbeat': 77792, 'telemetry': 77592} tb_clients=200
16:06:37 | bridge | INFO | forwarded=156076 by_leaf={'heartbeat': 78138, 'telemetry': 77938} tb_clients=200
16:06:47 | bridge | INFO | forwarded=156754 by_leaf={'heartbeat': 78477, 'telemetry': 78277} tb_clients=200
16:06:57 | bridge | INFO | forwarded=157450 by_leaf={'heartbeat': 78825, 'telemetry': 78625} tb_clients=200
16:07:07 | bridge | INFO | forwarded=158150 by_leaf={'heartbeat': 79175, 'telemetry': 78975} tb_clients=200
16:07:17 | bridge | INFO | forwarded=158878 by_leaf={'heartbeat': 79539, 'telemetry': 79339} tb_clients=200
16:07:27 | bridge | INFO | forwarded=159606 by_leaf={'heartbeat': 79903, 'telemetry': 79703} tb_clients=200
16:07:37 | bridge | INFO | forwarded=160314 by_leaf={'heartbeat': 80257, 'telemetry': 80057} tb_clients=200
16:07:47 | bridge | INFO | forwarded=161014 by_leaf={'heartbeat': 80607, 'telemetry': 80407} tb_clients=200
16:07:57 | bridge | INFO | forwarded=161694 by_leaf={'heartbeat': 80947, 'telemetry': 80747} tb_clients=200
16:08:07 | bridge | INFO | forwarded=162380 by_leaf={'heartbeat': 81290, 'telemetry': 81090} tb_clients=200
16:08:17 | bridge | INFO | forwarded=163086 by_leaf={'heartbeat': 81643, 'telemetry': 81443} tb_clients=200
16:08:27 | bridge | INFO | forwarded=163802 by_leaf={'heartbeat': 82001, 'telemetry': 81801} tb_clients=200
16:08:37 | bridge | INFO | forwarded=164500 by_leaf={'heartbeat': 82350, 'telemetry': 82150} tb_clients=200
16:08:47 | bridge | INFO | forwarded=165200 by_leaf={'heartbeat': 82700, 'telemetry': 82500} tb_clients=200
16:08:57 | bridge | INFO | forwarded=165896 by_leaf={'heartbeat': 83048, 'telemetry': 82848} tb_clients=200
16:09:07 | bridge | INFO | forwarded=166608 by_leaf={'heartbeat': 83404, 'telemetry': 83204} tb_clients=200
16:09:17 | bridge | INFO | forwarded=167318 by_leaf={'heartbeat': 83759, 'telemetry': 83559} tb_clients=200
16:09:27 | bridge | INFO | forwarded=168010 by_leaf={'heartbeat': 84105, 'telemetry': 83905} tb_clients=200
16:09:37 | bridge | INFO | forwarded=168708 by_leaf={'heartbeat': 84454, 'telemetry': 84254} tb_clients=200
16:09:47 | bridge | INFO | forwarded=169400 by_leaf={'heartbeat': 84800, 'telemetry': 84600} tb_clients=200
16:09:57 | bridge | INFO | forwarded=170096 by_leaf={'heartbeat': 85148, 'telemetry': 84948} tb_clients=200
16:10:07 | bridge | INFO | forwarded=170784 by_leaf={'heartbeat': 85492, 'telemetry': 85292} tb_clients=200
16:10:17 | bridge | INFO | forwarded=171502 by_leaf={'heartbeat': 85851, 'telemetry': 85651} tb_clients=200
16:10:27 | bridge | INFO | forwarded=172230 by_leaf={'heartbeat': 86215, 'telemetry': 86015} tb_clients=200
16:10:37 | bridge | INFO | forwarded=172946 by_leaf={'heartbeat': 86573, 'telemetry': 86373} tb_clients=200
16:10:47 | bridge | INFO | forwarded=173668 by_leaf={'heartbeat': 86934, 'telemetry': 86734} tb_clients=200
16:10:57 | bridge | INFO | forwarded=174394 by_leaf={'heartbeat': 87297, 'telemetry': 87097} tb_clients=200
16:11:07 | bridge | INFO | forwarded=175132 by_leaf={'heartbeat': 87666, 'telemetry': 87466} tb_clients=200
16:11:17 | bridge | INFO | forwarded=175840 by_leaf={'heartbeat': 88020, 'telemetry': 87820} tb_clients=200
16:11:27 | bridge | INFO | forwarded=176600 by_leaf={'heartbeat': 88400, 'telemetry': 88200} tb_clients=200
16:11:37 | bridge | INFO | forwarded=177304 by_leaf={'heartbeat': 88752, 'telemetry': 88552} tb_clients=200
16:11:47 | bridge | INFO | forwarded=178000 by_leaf={'heartbeat': 89100, 'telemetry': 88900} tb_clients=200
16:11:57 | bridge | INFO | forwarded=178722 by_leaf={'heartbeat': 89461, 'telemetry': 89261} tb_clients=200
16:12:07 | bridge | INFO | forwarded=179444 by_leaf={'heartbeat': 89822, 'telemetry': 89622} tb_clients=200
16:12:17 | bridge | INFO | forwarded=180176 by_leaf={'heartbeat': 90188, 'telemetry': 89988} tb_clients=200
16:12:27 | bridge | INFO | forwarded=180896 by_leaf={'heartbeat': 90548, 'telemetry': 90348} tb_clients=200
16:12:37 | bridge | INFO | forwarded=181610 by_leaf={'heartbeat': 90905, 'telemetry': 90705} tb_clients=200
16:12:47 | bridge | INFO | forwarded=182348 by_leaf={'heartbeat': 91274, 'telemetry': 91074} tb_clients=200
16:12:57 | bridge | INFO | forwarded=183090 by_leaf={'heartbeat': 91645, 'telemetry': 91445} tb_clients=200
16:13:07 | bridge | INFO | forwarded=183838 by_leaf={'heartbeat': 92019, 'telemetry': 91819} tb_clients=200
16:13:17 | bridge | INFO | forwarded=184544 by_leaf={'heartbeat': 92372, 'telemetry': 92172} tb_clients=200
16:13:27 | bridge | INFO | forwarded=185240 by_leaf={'heartbeat': 92720, 'telemetry': 92520} tb_clients=200
